ifort -cpp -w -O3 -auto -noalign -convert big_endian -fp-model precise -vec-report0 -traceback -openmp -Dmultitask -mcmodel=medium -i-dynamic "-I/software/apps/geos/netcdf/4.3.0/intel/16.0/include -I/software/apps/geos/netcdf-fortran/4.2.0/intel/16.0/include" -c fjx_acet_mod.f
ifort -cpp -w -O3 -auto -noalign -convert big_endian -fp-model precise -vec-report0 -traceback -openmp -Dmultitask -mcmodel=medium -i-dynamic "-I/software/apps/geos/netcdf/4.3.0/intel/16.0/include -I/software/apps/geos/netcdf-fortran/4.2.0/intel/16.0/include" -c charpak_mod.f
ifort -cpp -w -O3 -auto -noalign -convert big_endian -fp-model precise -vec-report0 -traceback -openmp -Dmultitask -mcmodel=medium -i-dynamic "-I/software/apps/geos/netcdf/4.3.0/intel/16.0/include -I/software/apps/geos/netcdf-fortran/4.2.0/intel/16.0/include" -c error_mod.f
ifort -cpp -w -O3 -auto -noalign -convert big_endian -fp-model precise -vec-report0 -traceback -openmp -Dmultitask -mcmodel=medium -i-dynamic "-I/software/apps/geos/netcdf/4.3.0/intel/16.0/include -I/software/apps/geos/netcdf-fortran/4.2.0/intel/16.0/include" -c -r8 new/netcdf_util_mod.f
ifort -cpp -w -O3 -auto -noalign -convert big_endian -fp-model precise -vec-report0 -traceback -openmp -Dmultitask -mcmodel=medium -i-dynamic "-I/software/apps/geos/netcdf/4.3.0/intel/16.0/include -I/software/apps/geos/netcdf-fortran/4.2.0/intel/16.0/include" -c -r8 NcdfUtil/m_do_err_out.F90
ifort -cpp -w -O3 -auto -noalign -convert big_endian -fp-model precise -vec-report0 -traceback -openmp -Dmultitask -mcmodel=medium -i-dynamic "-I/software/apps/geos/netcdf/4.3.0/intel/16.0/include -I/software/apps/geos/netcdf-fortran/4.2.0/intel/16.0/include" -c -r8 NcdfUtil/m_netcdf_io_checks.F90
ifort -cpp -w -O3 -auto -noalign -convert big_endian -fp-model precise -vec-report0 -traceback -openmp -Dmultitask -mcmodel=medium -i-dynamic "-I/software/apps/geos/netcdf/4.3.0/intel/16.0/include -I/software/apps/geos/netcdf-fortran/4.2.0/intel/16.0/include" -c -r8 NcdfUtil/m_netcdf_io_close.F90
ifort -cpp -w -O3 -auto -noalign -convert big_endian -fp-model precise -vec-report0 -traceback -openmp -Dmultitask -mcmodel=medium -i-dynamic "-I/software/apps/geos/netcdf/4.3.0/intel/16.0/include -I/software/apps/geos/netcdf-fortran/4.2.0/intel/16.0/include" -c -r8 NcdfUtil/m_netcdf_io_create.F90
ifort -cpp -w -O3 -auto -noalign -convert big_endian -fp-model precise -vec-report0 -traceback -openmp -Dmultitask -mcmodel=medium -i-dynamic "-I/software/apps/geos/netcdf/4.3.0/intel/16.0/include -I/software/apps/geos/netcdf-fortran/4.2.0/intel/16.0/include" -c -r8 NcdfUtil/m_netcdf_io_define.F90
ifort -cpp -w -O3 -auto -noalign -convert big_endian -fp-model precise -vec-report0 -traceback -openmp -Dmultitask -mcmodel=medium -i-dynamic "-I/software/apps/geos/netcdf/4.3.0/intel/16.0/include -I/software/apps/geos/netcdf-fortran/4.2.0/intel/16.0/include" -c -r8 NcdfUtil/m_netcdf_io_get_dimlen.F90
ifort -cpp -w -O3 -auto -noalign -convert big_endian -fp-model precise -vec-report0 -traceback -openmp -Dmultitask -mcmodel=medium -i-dynamic "-I/software/apps/geos/netcdf/4.3.0/intel/16.0/include -I/software/apps/geos/netcdf-fortran/4.2.0/intel/16.0/include" -c -r8 NcdfUtil/m_netcdf_io_handle_err.F90
ifort -cpp -w -O3 -auto -noalign -convert big_endian -fp-model precise -vec-report0 -traceback -openmp -Dmultitask -mcmodel=medium -i-dynamic "-I/software/apps/geos/netcdf/4.3.0/intel/16.0/include -I/software/apps/geos/netcdf-fortran/4.2.0/intel/16.0/include" -c -r8 NcdfUtil/m_netcdf_io_open.F90
ifort -cpp -w -O3 -auto -noalign -convert big_endian -fp-model precise -vec-report0 -traceback -openmp -Dmultitask -mcmodel=medium -i-dynamic "-I/software/apps/geos/netcdf/4.3.0/intel/16.0/include -I/software/apps/geos/netcdf-fortran/4.2.0/intel/16.0/include" -c -r8 NcdfUtil/m_netcdf_io_read.F90
ifort -cpp -w -O3 -auto -noalign -convert big_endian -fp-model precise -vec-report0 -traceback -openmp -Dmultitask -mcmodel=medium -i-dynamic "-I/software/apps/geos/netcdf/4.3.0/intel/16.0/include -I/software/apps/geos/netcdf-fortran/4.2.0/intel/16.0/include" -c -r8 NcdfUtil/m_netcdf_io_readattr.F90
ifort -cpp -w -O3 -auto -noalign -convert big_endian -fp-model precise -vec-report0 -traceback -openmp -Dmultitask -mcmodel=medium -i-dynamic "-I/software/apps/geos/netcdf/4.3.0/intel/16.0/include -I/software/apps/geos/netcdf-fortran/4.2.0/intel/16.0/include" -c -r8 NcdfUtil/m_netcdf_io_write.F90
ifort -cpp -w -O3 -auto -noalign -convert big_endian -fp-model precise -vec-report0 -traceback -openmp -Dmultitask -mcmodel=medium -i-dynamic "-I/software/apps/geos/netcdf/4.3.0/intel/16.0/include -I/software/apps/geos/netcdf-fortran/4.2.0/intel/16.0/include" -c logical_mod.f
ifort -cpp -w -O3 -auto -noalign -convert big_endian -fp-model precise -vec-report0 -traceback -openmp -Dmultitask -mcmodel=medium -i-dynamic "-I/software/apps/geos/netcdf/4.3.0/intel/16.0/include -I/software/apps/geos/netcdf-fortran/4.2.0/intel/16.0/include" -c directory_mod.f
ifort -cpp -w -O3 -auto -noalign -convert big_endian -fp-model precise -vec-report0 -traceback -openmp -Dmultitask -mcmodel=medium -i-dynamic "-I/software/apps/geos/netcdf/4.3.0/intel/16.0/include -I/software/apps/geos/netcdf-fortran/4.2.0/intel/16.0/include" -c unix_cmds_mod.f
ifort -cpp -w -O3 -auto -noalign -convert big_endian -fp-model precise -vec-report0 -traceback -openmp -Dmultitask -mcmodel=medium -i-dynamic "-I/software/apps/geos/netcdf/4.3.0/intel/16.0/include -I/software/apps/geos/netcdf-fortran/4.2.0/intel/16.0/include" -c -r8 modified/tracer_mod.f
ifort -cpp -w -O3 -auto -noalign -convert big_endian -fp-model precise -vec-report0 -traceback -openmp -Dmultitask -mcmodel=medium -i-dynamic "-I/software/apps/geos/netcdf/4.3.0/intel/16.0/include -I/software/apps/geos/netcdf-fortran/4.2.0/intel/16.0/include" -c -r8 modified/julday_mod.f
ifort -cpp -w -O3 -auto -noalign -convert big_endian -fp-model precise -vec-report0 -traceback -openmp -Dmultitask -mcmodel=medium -i-dynamic "-I/software/apps/geos/netcdf/4.3.0/intel/16.0/include -I/software/apps/geos/netcdf-fortran/4.2.0/intel/16.0/include" -c file_mod.f
ifort -cpp -w -O3 -auto -noalign -convert big_endian -fp-model precise -vec-report0 -traceback -openmp -Dmultitask -mcmodel=medium -i-dynamic "-I/software/apps/geos/netcdf/4.3.0/intel/16.0/include -I/software/apps/geos/netcdf-fortran/4.2.0/intel/16.0/include" -c -r8 modified/grid_mod.f
ifort -cpp -w -O3 -auto -noalign -convert big_endian -fp-model precise -vec-report0 -traceback -openmp -Dmultitask -mcmodel=medium -i-dynamic "-I/software/apps/geos/netcdf/4.3.0/intel/16.0/include -I/software/apps/geos/netcdf-fortran/4.2.0/intel/16.0/include" -c -r8 modified/time_mod.f
ifort -cpp -w -O3 -auto -noalign -convert big_endian -fp-model precise -vec-report0 -traceback -openmp -Dmultitask -mcmodel=medium -i-dynamic "-I/software/apps/geos/netcdf/4.3.0/intel/16.0/include -I/software/apps/geos/netcdf-fortran/4.2.0/intel/16.0/include" -c -r8 adjoint/logical_adj_mod.f
ifort -cpp -w -O3 -auto -noalign -convert big_endian -fp-model precise -vec-report0 -traceback -openmp -Dmultitask -mcmodel=medium -i-dynamic "-I/software/apps/geos/netcdf/4.3.0/intel/16.0/include -I/software/apps/geos/netcdf-fortran/4.2.0/intel/16.0/include" -c -r8 adjoint/directory_adj_mod.f
ifort -cpp -w -O3 -auto -noalign -convert big_endian -fp-model precise -vec-report0 -traceback -openmp -Dmultitask -mcmodel=medium -i-dynamic "-I/software/apps/geos/netcdf/4.3.0/intel/16.0/include -I/software/apps/geos/netcdf-fortran/4.2.0/intel/16.0/include" -c -r8 modified/bpch2_mod.f
ifort -cpp -w -O3 -auto -noalign -convert big_endian -fp-model precise -vec-report0 -traceback -openmp -Dmultitask -mcmodel=medium -i-dynamic "-I/software/apps/geos/netcdf/4.3.0/intel/16.0/include -I/software/apps/geos/netcdf-fortran/4.2.0/intel/16.0/include" -c -free inquireMod.F90
ifort -cpp -w -O3 -auto -noalign -convert big_endian -fp-model precise -vec-report0 -traceback -openmp -Dmultitask -mcmodel=medium -i-dynamic "-I/software/apps/geos/netcdf/4.3.0/intel/16.0/include -I/software/apps/geos/netcdf-fortran/4.2.0/intel/16.0/include" -c regrid_1x1_mod.f
ifort -cpp -w -O3 -auto -noalign -convert big_endian -fp-model precise -vec-report0 -traceback -openmp -Dmultitask -mcmodel=medium -i-dynamic "-I/software/apps/geos/netcdf/4.3.0/intel/16.0/include -I/software/apps/geos/netcdf-fortran/4.2.0/intel/16.0/include" -c -free regrid_a2a_mod.F90
ifort -cpp -w -O3 -auto -noalign -convert big_endian -fp-model precise -vec-report0 -traceback -openmp -Dmultitask -mcmodel=medium -i-dynamic "-I/software/apps/geos/netcdf/4.3.0/intel/16.0/include -I/software/apps/geos/netcdf-fortran/4.2.0/intel/16.0/include" -c -r8 modified/pressure_mod.f
ifort -cpp -w -O3 -auto -noalign -convert big_endian -fp-model precise -vec-report0 -traceback -openmp -Dmultitask -mcmodel=medium -i-dynamic "-I/software/apps/geos/netcdf/4.3.0/intel/16.0/include -I/software/apps/geos/netcdf-fortran/4.2.0/intel/16.0/include" -c transfer_mod.f
ifort -cpp -w -O3 -auto -noalign -convert big_endian -fp-model precise -vec-report0 -traceback -openmp -Dmultitask -mcmodel=medium -i-dynamic "-I/software/apps/geos/netcdf/4.3.0/intel/16.0/include -I/software/apps/geos/netcdf-fortran/4.2.0/intel/16.0/include" -c future_emissions_mod.f
ifort -cpp -w -O3 -auto -noalign -convert big_endian -fp-model precise -vec-report0 -traceback -openmp -Dmultitask -mcmodel=medium -i-dynamic "-I/software/apps/geos/netcdf/4.3.0/intel/16.0/include -I/software/apps/geos/netcdf-fortran/4.2.0/intel/16.0/include" -c lai_mod.f
ifort -cpp -w -O3 -auto -noalign -convert big_endian -fp-model precise -vec-report0 -traceback -openmp -Dmultitask -mcmodel=medium -i-dynamic "-I/software/apps/geos/netcdf/4.3.0/intel/16.0/include -I/software/apps/geos/netcdf-fortran/4.2.0/intel/16.0/include" -c tracerid_mod.f
ifort -cpp -w -O3 -auto -noalign -convert big_endian -fp-model precise -vec-report0 -traceback -openmp -Dmultitask -mcmodel=medium -i-dynamic "-I/software/apps/geos/netcdf/4.3.0/intel/16.0/include -I/software/apps/geos/netcdf-fortran/4.2.0/intel/16.0/include" -c benchmark_mod.f
ifort -cpp -w -O3 -auto -noalign -convert big_endian -fp-model precise -vec-report0 -traceback -openmp -Dmultitask -mcmodel=medium -i-dynamic "-I/software/apps/geos/netcdf/4.3.0/intel/16.0/include -I/software/apps/geos/netcdf-fortran/4.2.0/intel/16.0/include" -c -r8 modified/comode_mod.f
ifort -cpp -w -O3 -auto -noalign -convert big_endian -fp-model precise -vec-report0 -traceback -openmp -Dmultitask -mcmodel=medium -i-dynamic "-I/software/apps/geos/netcdf/4.3.0/intel/16.0/include -I/software/apps/geos/netcdf-fortran/4.2.0/intel/16.0/include" -c diag_mod.f
ifort -cpp -w -O3 -auto -noalign -convert big_endian -fp-model precise -vec-report0 -traceback -openmp -Dmultitask -mcmodel=medium -i-dynamic "-I/software/apps/geos/netcdf/4.3.0/intel/16.0/include -I/software/apps/geos/netcdf-fortran/4.2.0/intel/16.0/include" -c -r8 modified/dao_mod.f
ifort -cpp -w -O3 -auto -noalign -convert big_endian -fp-model precise -vec-report0 -traceback -openmp -Dmultitask -mcmodel=medium -i-dynamic "-I/software/apps/geos/netcdf/4.3.0/intel/16.0/include -I/software/apps/geos/netcdf-fortran/4.2.0/intel/16.0/include" -c -r8 modified/gc_type_mod.F
ifort -cpp -w -O3 -auto -noalign -convert big_endian -fp-model precise -vec-report0 -traceback -openmp -Dmultitask -mcmodel=medium -i-dynamic "-I/software/apps/geos/netcdf/4.3.0/intel/16.0/include -I/software/apps/geos/netcdf-fortran/4.2.0/intel/16.0/include" -c tropopause_mod.f
ifort -cpp -w -O3 -auto -noalign -convert big_endian -fp-model precise -vec-report0 -traceback -openmp -Dmultitask -mcmodel=medium -i-dynamic "-I/software/apps/geos/netcdf/4.3.0/intel/16.0/include -I/software/apps/geos/netcdf-fortran/4.2.0/intel/16.0/include" -c -r8 adjoint/gckpp_adj_Precision.f90
ifort -cpp -w -O3 -auto -noalign -convert big_endian -fp-model precise -vec-report0 -traceback -openmp -Dmultitask -mcmodel=medium -i-dynamic "-I/software/apps/geos/netcdf/4.3.0/intel/16.0/include -I/software/apps/geos/netcdf-fortran/4.2.0/intel/16.0/include" -c -r8 adjoint/gckpp_adj_Parameters.f90
ifort -cpp -w -O3 -auto -noalign -convert big_endian -fp-model precise -vec-report0 -traceback -openmp -Dmultitask -mcmodel=medium -i-dynamic "-I/software/apps/geos/netcdf/4.3.0/intel/16.0/include -I/software/apps/geos/netcdf-fortran/4.2.0/intel/16.0/include" -c -r8 adjoint/gckpp_adj_Global.f90
ifort -cpp -w -O3 -auto -noalign -convert big_endian -fp-model precise -vec-report0 -traceback -openmp -Dmultitask -mcmodel=medium -i-dynamic "-I/software/apps/geos/netcdf/4.3.0/intel/16.0/include -I/software/apps/geos/netcdf-fortran/4.2.0/intel/16.0/include" -c critical_load_mod.f
ifort -cpp -w -O3 -auto -noalign -convert big_endian -fp-model precise -vec-report0 -traceback -openmp -Dmultitask -mcmodel=medium -i-dynamic "-I/software/apps/geos/netcdf/4.3.0/intel/16.0/include -I/software/apps/geos/netcdf-fortran/4.2.0/intel/16.0/include" -c -free htap_mod.f90
ifort -cpp -w -O3 -auto -noalign -convert big_endian -fp-model precise -vec-report0 -traceback -openmp -Dmultitask -mcmodel=medium -i-dynamic "-I/software/apps/geos/netcdf/4.3.0/intel/16.0/include -I/software/apps/geos/netcdf-fortran/4.2.0/intel/16.0/include" -c -r8 adjoint/adj_arrays_mod.f
ifort -cpp -w -O3 -auto -noalign -convert big_endian -fp-model precise -vec-report0 -traceback -openmp -Dmultitask -mcmodel=medium -i-dynamic "-I/software/apps/geos/netcdf/4.3.0/intel/16.0/include -I/software/apps/geos/netcdf-fortran/4.2.0/intel/16.0/include" -c -r8 adjoint/gckpp_adj_Function.f90
ifort -cpp -w -O3 -auto -noalign -convert big_endian -fp-model precise -vec-report0 -traceback -openmp -Dmultitask -mcmodel=medium -i-dynamic "-I/software/apps/geos/netcdf/4.3.0/intel/16.0/include -I/software/apps/geos/netcdf-fortran/4.2.0/intel/16.0/include" -c -r8 adjoint/gckpp_adj_Monitor.f90
ifort -cpp -w -O3 -auto -noalign -convert big_endian -fp-model precise -vec-report0 -traceback -openmp -Dmultitask -mcmodel=medium -i-dynamic "-I/software/apps/geos/netcdf/4.3.0/intel/16.0/include -I/software/apps/geos/netcdf-fortran/4.2.0/intel/16.0/include" -c -r8 adjoint/gckpp_adj_Util.f90
ifort -cpp -w -O3 -auto -noalign -convert big_endian -fp-model precise -vec-report0 -traceback -openmp -Dmultitask -mcmodel=medium -i-dynamic "-I/software/apps/geos/netcdf/4.3.0/intel/16.0/include -I/software/apps/geos/netcdf-fortran/4.2.0/intel/16.0/include" -c -r8 adjoint/gckpp_adj_HessianSP.f90
ifort -cpp -w -O3 -auto -noalign -convert big_endian -fp-model precise -vec-report0 -traceback -openmp -Dmultitask -mcmodel=medium -i-dynamic "-I/software/apps/geos/netcdf/4.3.0/intel/16.0/include -I/software/apps/geos/netcdf-fortran/4.2.0/intel/16.0/include" -c -r8 adjoint/gckpp_adj_Hessian.f90
ifort -cpp -w -O3 -auto -noalign -convert big_endian -fp-model precise -vec-report0 -traceback -openmp -Dmultitask -mcmodel=medium -i-dynamic "-I/software/apps/geos/netcdf/4.3.0/intel/16.0/include -I/software/apps/geos/netcdf-fortran/4.2.0/intel/16.0/include" -c -r8 adjoint/gckpp_adj_Initialize.f90
ifort -cpp -w -O3 -auto -noalign -convert big_endian -fp-model precise -vec-report0 -traceback -openmp -Dmultitask -mcmodel=medium -i-dynamic "-I/software/apps/geos/netcdf/4.3.0/intel/16.0/include -I/software/apps/geos/netcdf-fortran/4.2.0/intel/16.0/include" -c -r8 adjoint/gckpp_adj_JacobianSP.f90
ifort -cpp -w -O3 -auto -noalign -convert big_endian -fp-model precise -vec-report0 -traceback -openmp -Dmultitask -mcmodel=medium -i-dynamic "-I/software/apps/geos/netcdf/4.3.0/intel/16.0/include -I/software/apps/geos/netcdf-fortran/4.2.0/intel/16.0/include" -c -r8 adjoint/gckpp_adj_Jacobian.f90
ifort -cpp -w -O3 -auto -noalign -convert big_endian -fp-model precise -vec-report0 -traceback -openmp -Dmultitask -mcmodel=medium -i-dynamic "-I/software/apps/geos/netcdf/4.3.0/intel/16.0/include -I/software/apps/geos/netcdf-fortran/4.2.0/intel/16.0/include" -c -r8 adjoint/gckpp_adj_LinearAlgebra.f90
ifort -cpp -w -O3 -auto -noalign -convert big_endian -fp-model precise -vec-report0 -traceback -openmp -Dmultitask -mcmodel=medium -i-dynamic "-I/software/apps/geos/netcdf/4.3.0/intel/16.0/include -I/software/apps/geos/netcdf-fortran/4.2.0/intel/16.0/include" -c -r8 adjoint/gckpp_adj_Rates.f90
ifort -cpp -w -O3 -auto -noalign -convert big_endian -fp-model precise -vec-report0 -traceback -openmp -Dmultitask -mcmodel=medium -i-dynamic "-I/software/apps/geos/netcdf/4.3.0/intel/16.0/include -I/software/apps/geos/netcdf-fortran/4.2.0/intel/16.0/include" -c -r8 adjoint/gckpp_adj_StoichiomSP.f90
ifort -cpp -w -O3 -auto -noalign -convert big_endian -fp-model precise -vec-report0 -traceback -openmp -Dmultitask -mcmodel=medium -i-dynamic "-I/software/apps/geos/netcdf/4.3.0/intel/16.0/include -I/software/apps/geos/netcdf-fortran/4.2.0/intel/16.0/include" -c -r8 adjoint/gckpp_adj_Stoichiom.f90
ifort -cpp -w -O3 -auto -noalign -convert big_endian -fp-model precise -vec-report0 -traceback -openmp -Dmultitask -mcmodel=medium -i-dynamic "-I/software/apps/geos/netcdf/4.3.0/intel/16.0/include -I/software/apps/geos/netcdf-fortran/4.2.0/intel/16.0/include" -c -r8 adjoint/gckpp_adj_Integrator.f90
ifort -cpp -w -O3 -auto -noalign -convert big_endian -fp-model precise -vec-report0 -traceback -openmp -Dmultitask -mcmodel=medium -i-dynamic "-I/software/apps/geos/netcdf/4.3.0/intel/16.0/include -I/software/apps/geos/netcdf-fortran/4.2.0/intel/16.0/include" -c -r8 adjoint/gckpp_adj_Model.f90
ifort -cpp -w -O3 -auto -noalign -convert big_endian -fp-model precise -vec-report0 -traceback -openmp -Dmultitask -mcmodel=medium -i-dynamic "-I/software/apps/geos/netcdf/4.3.0/intel/16.0/include -I/software/apps/geos/netcdf-fortran/4.2.0/intel/16.0/include" -c -r8 adjoint/checkpoint_mod.f
ifort -cpp -w -O3 -auto -noalign -convert big_endian -fp-model precise -vec-report0 -traceback -openmp -Dmultitask -mcmodel=medium -i-dynamic "-I/software/apps/geos/netcdf/4.3.0/intel/16.0/include -I/software/apps/geos/netcdf-fortran/4.2.0/intel/16.0/include" -c -r8 modified/pbl_mix_mod.f
ifort -cpp -w -O3 -auto -noalign -convert big_endian -fp-model precise -vec-report0 -traceback -openmp -Dmultitask -mcmodel=medium -i-dynamic "-I/software/apps/geos/netcdf/4.3.0/intel/16.0/include -I/software/apps/geos/netcdf-fortran/4.2.0/intel/16.0/include" -c -r8 adjoint/pbl_mix_adj_mod.f
ifort -cpp -w -O3 -auto -noalign -convert big_endian -fp-model precise -vec-report0 -traceback -openmp -Dmultitask -mcmodel=medium -i-dynamic "-I/software/apps/geos/netcdf/4.3.0/intel/16.0/include -I/software/apps/geos/netcdf-fortran/4.2.0/intel/16.0/include" -c diag03_mod.f
ifort -cpp -w -O3 -auto -noalign -convert big_endian -fp-model precise -vec-report0 -traceback -openmp -Dmultitask -mcmodel=medium -i-dynamic "-I/software/apps/geos/netcdf/4.3.0/intel/16.0/include -I/software/apps/geos/netcdf-fortran/4.2.0/intel/16.0/include" -c diag04_mod.f
ifort -cpp -w -O3 -auto -noalign -convert big_endian -fp-model precise -vec-report0 -traceback -openmp -Dmultitask -mcmodel=medium -i-dynamic "-I/software/apps/geos/netcdf/4.3.0/intel/16.0/include -I/software/apps/geos/netcdf-fortran/4.2.0/intel/16.0/include" -c diag41_mod.f
ifort -cpp -w -O3 -auto -noalign -convert big_endian -fp-model precise -vec-report0 -traceback -openmp -Dmultitask -mcmodel=medium -i-dynamic "-I/software/apps/geos/netcdf/4.3.0/intel/16.0/include -I/software/apps/geos/netcdf-fortran/4.2.0/intel/16.0/include" -c diag42_mod.f
ifort -cpp -w -O3 -auto -noalign -convert big_endian -fp-model precise -vec-report0 -traceback -openmp -Dmultitask -mcmodel=medium -i-dynamic "-I/software/apps/geos/netcdf/4.3.0/intel/16.0/include -I/software/apps/geos/netcdf-fortran/4.2.0/intel/16.0/include" -c diag48_mod.f
ifort -cpp -w -O3 -auto -noalign -convert big_endian -fp-model precise -vec-report0 -traceback -openmp -Dmultitask -mcmodel=medium -i-dynamic "-I/software/apps/geos/netcdf/4.3.0/intel/16.0/include -I/software/apps/geos/netcdf-fortran/4.2.0/intel/16.0/include" -c diag49_mod.f
ifort -cpp -w -O3 -auto -noalign -convert big_endian -fp-model precise -vec-report0 -traceback -openmp -Dmultitask -mcmodel=medium -i-dynamic "-I/software/apps/geos/netcdf/4.3.0/intel/16.0/include -I/software/apps/geos/netcdf-fortran/4.2.0/intel/16.0/include" -c diag50_mod.f
ifort -cpp -w -O3 -auto -noalign -convert big_endian -fp-model precise -vec-report0 -traceback -openmp -Dmultitask -mcmodel=medium -i-dynamic "-I/software/apps/geos/netcdf/4.3.0/intel/16.0/include -I/software/apps/geos/netcdf-fortran/4.2.0/intel/16.0/include" -c diag51_mod.f
ifort -cpp -w -O3 -auto -noalign -convert big_endian -fp-model precise -vec-report0 -traceback -openmp -Dmultitask -mcmodel=medium -i-dynamic "-I/software/apps/geos/netcdf/4.3.0/intel/16.0/include -I/software/apps/geos/netcdf-fortran/4.2.0/intel/16.0/include" -c diag51b_mod.f
ifort -cpp -w -O3 -auto -noalign -convert big_endian -fp-model precise -vec-report0 -traceback -openmp -Dmultitask -mcmodel=medium -i-dynamic "-I/software/apps/geos/netcdf/4.3.0/intel/16.0/include -I/software/apps/geos/netcdf-fortran/4.2.0/intel/16.0/include" -c diag51c_mod.f
ifort -cpp -w -O3 -auto -noalign -convert big_endian -fp-model precise -vec-report0 -traceback -openmp -Dmultitask -mcmodel=medium -i-dynamic "-I/software/apps/geos/netcdf/4.3.0/intel/16.0/include -I/software/apps/geos/netcdf-fortran/4.2.0/intel/16.0/include" -c diag51d_mod.f
ifort -cpp -w -O3 -auto -noalign -convert big_endian -fp-model precise -vec-report0 -traceback -openmp -Dmultitask -mcmodel=medium -i-dynamic "-I/software/apps/geos/netcdf/4.3.0/intel/16.0/include -I/software/apps/geos/netcdf-fortran/4.2.0/intel/16.0/include" -c diag56_mod.f
ifort -cpp -w -O3 -auto -noalign -convert big_endian -fp-model precise -vec-report0 -traceback -openmp -Dmultitask -mcmodel=medium -i-dynamic "-I/software/apps/geos/netcdf/4.3.0/intel/16.0/include -I/software/apps/geos/netcdf-fortran/4.2.0/intel/16.0/include" -c diag59_mod.f
ifort -cpp -w -O3 -auto -noalign -convert big_endian -fp-model precise -vec-report0 -traceback -openmp -Dmultitask -mcmodel=medium -i-dynamic "-I/software/apps/geos/netcdf/4.3.0/intel/16.0/include -I/software/apps/geos/netcdf-fortran/4.2.0/intel/16.0/include" -c diag_oh_mod.f
ifort -cpp -w -O3 -auto -noalign -convert big_endian -fp-model precise -vec-report0 -traceback -openmp -Dmultitask -mcmodel=medium -i-dynamic "-I/software/apps/geos/netcdf/4.3.0/intel/16.0/include -I/software/apps/geos/netcdf-fortran/4.2.0/intel/16.0/include" -c diag_pl_mod.f
ifort -cpp -w -O3 -auto -noalign -convert big_endian -fp-model precise -vec-report0 -traceback -openmp -Dmultitask -mcmodel=medium -i-dynamic "-I/software/apps/geos/netcdf/4.3.0/intel/16.0/include -I/software/apps/geos/netcdf-fortran/4.2.0/intel/16.0/include" -c ocean_mercury_mod.f
ifort -cpp -w -O3 -auto -noalign -convert big_endian -fp-model precise -vec-report0 -traceback -openmp -Dmultitask -mcmodel=medium -i-dynamic "-I/software/apps/geos/netcdf/4.3.0/intel/16.0/include -I/software/apps/geos/netcdf-fortran/4.2.0/intel/16.0/include" -c drydep_mod.f
ifort -cpp -w -O3 -auto -noalign -convert big_endian -fp-model precise -vec-report0 -traceback -openmp -Dmultitask -mcmodel=medium -i-dynamic "-I/software/apps/geos/netcdf/4.3.0/intel/16.0/include -I/software/apps/geos/netcdf-fortran/4.2.0/intel/16.0/include" -c scale_anthro_mod.f
ifort -cpp -w -O3 -auto -noalign -convert big_endian -fp-model precise -vec-report0 -traceback -openmp -Dmultitask -mcmodel=medium -i-dynamic "-I/software/apps/geos/netcdf/4.3.0/intel/16.0/include -I/software/apps/geos/netcdf-fortran/4.2.0/intel/16.0/include" -c edgar_mod.f
ifort -cpp -w -O3 -auto -noalign -convert big_endian -fp-model precise -vec-report0 -traceback -openmp -Dmultitask -mcmodel=medium -i-dynamic "-I/software/apps/geos/netcdf/4.3.0/intel/16.0/include -I/software/apps/geos/netcdf-fortran/4.2.0/intel/16.0/include" -c bravo_mod.f
ifort -cpp -w -O3 -auto -noalign -convert big_endian -fp-model precise -vec-report0 -traceback -openmp -Dmultitask -mcmodel=medium -i-dynamic "-I/software/apps/geos/netcdf/4.3.0/intel/16.0/include -I/software/apps/geos/netcdf-fortran/4.2.0/intel/16.0/include" -c emep_mod.f
ifort -cpp -w -O3 -auto -noalign -convert big_endian -fp-model precise -vec-report0 -traceback -openmp -Dmultitask -mcmodel=medium -i-dynamic "-I/software/apps/geos/netcdf/4.3.0/intel/16.0/include -I/software/apps/geos/netcdf-fortran/4.2.0/intel/16.0/include" -c nei2005_anthro_mod.f
ifort -cpp -w -O3 -auto -noalign -convert big_endian -fp-model precise -vec-report0 -traceback -openmp -Dmultitask -mcmodel=medium -i-dynamic "-I/software/apps/geos/netcdf/4.3.0/intel/16.0/include -I/software/apps/geos/netcdf-fortran/4.2.0/intel/16.0/include" -c -free nei2008_anthro_mod.F90
ifort -cpp -w -O3 -auto -noalign -convert big_endian -fp-model precise -vec-report0 -traceback -openmp -Dmultitask -mcmodel=medium -i-dynamic "-I/software/apps/geos/netcdf/4.3.0/intel/16.0/include -I/software/apps/geos/netcdf-fortran/4.2.0/intel/16.0/include" -c epa_nei_mod.f
ifort -cpp -w -O3 -auto -noalign -convert big_endian -fp-model precise -vec-report0 -traceback -openmp -Dmultitask -mcmodel=medium -i-dynamic "-I/software/apps/geos/netcdf/4.3.0/intel/16.0/include -I/software/apps/geos/netcdf-fortran/4.2.0/intel/16.0/include" -c streets_anthro_mod.f
ifort -cpp -w -O3 -auto -noalign -convert big_endian -fp-model precise -vec-report0 -traceback -openmp -Dmultitask -mcmodel=medium -i-dynamic "-I/software/apps/geos/netcdf/4.3.0/intel/16.0/include -I/software/apps/geos/netcdf-fortran/4.2.0/intel/16.0/include" -c icoads_ship_mod.f
ifort -cpp -w -O3 -auto -noalign -convert big_endian -fp-model precise -vec-report0 -traceback -openmp -Dmultitask -mcmodel=medium -i-dynamic "-I/software/apps/geos/netcdf/4.3.0/intel/16.0/include -I/software/apps/geos/netcdf-fortran/4.2.0/intel/16.0/include" -c arctas_ship_emiss_mod.f
ifort -cpp -w -O3 -auto -noalign -convert big_endian -fp-model precise -vec-report0 -traceback -openmp -Dmultitask -mcmodel=medium -i-dynamic "-I/software/apps/geos/netcdf/4.3.0/intel/16.0/include -I/software/apps/geos/netcdf-fortran/4.2.0/intel/16.0/include" -c cac_anthro_mod.f
ifort -cpp -w -O3 -auto -noalign -convert big_endian -fp-model precise -vec-report0 -traceback -openmp -Dmultitask -mcmodel=medium -i-dynamic "-I/software/apps/geos/netcdf/4.3.0/intel/16.0/include -I/software/apps/geos/netcdf-fortran/4.2.0/intel/16.0/include" -c vistas_anthro_mod.f
ifort -cpp -w -O3 -auto -noalign -convert big_endian -fp-model precise -vec-report0 -traceback -openmp -Dmultitask -mcmodel=medium -i-dynamic "-I/software/apps/geos/netcdf/4.3.0/intel/16.0/include -I/software/apps/geos/netcdf-fortran/4.2.0/intel/16.0/include" -c geia_mod.f
ifort -cpp -w -O3 -auto -noalign -convert big_endian -fp-model precise -vec-report0 -traceback -openmp -Dmultitask -mcmodel=medium -i-dynamic "-I/software/apps/geos/netcdf/4.3.0/intel/16.0/include -I/software/apps/geos/netcdf-fortran/4.2.0/intel/16.0/include" -c -r8 modified/geosfp_read_mod.f
ifort -cpp -w -O3 -auto -noalign -convert big_endian -fp-model precise -vec-report0 -traceback -openmp -Dmultitask -mcmodel=medium -i-dynamic "-I/software/apps/geos/netcdf/4.3.0/intel/16.0/include -I/software/apps/geos/netcdf-fortran/4.2.0/intel/16.0/include" -c -r8 modified/merra2_read_mod.f
ifort -cpp -w -O3 -auto -noalign -convert big_endian -fp-model precise -vec-report0 -traceback -openmp -Dmultitask -mcmodel=medium -i-dynamic "-I/software/apps/geos/netcdf/4.3.0/intel/16.0/include -I/software/apps/geos/netcdf-fortran/4.2.0/intel/16.0/include" -c -r8 modified/global_oh_mod.f
ifort -cpp -w -O3 -auto -noalign -convert big_endian -fp-model precise -vec-report0 -traceback -openmp -Dmultitask -mcmodel=medium -i-dynamic "-I/software/apps/geos/netcdf/4.3.0/intel/16.0/include -I/software/apps/geos/netcdf-fortran/4.2.0/intel/16.0/include" -c global_hno3_mod.f
ifort -cpp -w -O3 -auto -noalign -convert big_endian -fp-model precise -vec-report0 -traceback -openmp -Dmultitask -mcmodel=medium -i-dynamic "-I/software/apps/geos/netcdf/4.3.0/intel/16.0/include -I/software/apps/geos/netcdf-fortran/4.2.0/intel/16.0/include" -c global_no3_mod.f
ifort -cpp -w -O3 -auto -noalign -convert big_endian -fp-model precise -vec-report0 -traceback -openmp -Dmultitask -mcmodel=medium -i-dynamic "-I/software/apps/geos/netcdf/4.3.0/intel/16.0/include -I/software/apps/geos/netcdf-fortran/4.2.0/intel/16.0/include" -c global_nox_mod.f
ifort -cpp -w -O3 -auto -noalign -convert big_endian -fp-model precise -vec-report0 -traceback -openmp -Dmultitask -mcmodel=medium -i-dynamic "-I/software/apps/geos/netcdf/4.3.0/intel/16.0/include -I/software/apps/geos/netcdf-fortran/4.2.0/intel/16.0/include" -c global_o1d_mod.f
ifort -cpp -w -O3 -auto -noalign -convert big_endian -fp-model precise -vec-report0 -traceback -openmp -Dmultitask -mcmodel=medium -i-dynamic "-I/software/apps/geos/netcdf/4.3.0/intel/16.0/include -I/software/apps/geos/netcdf-fortran/4.2.0/intel/16.0/include" -c global_o3_mod.f
ifort -cpp -w -O3 -auto -noalign -convert big_endian -fp-model precise -vec-report0 -traceback -openmp -Dmultitask -mcmodel=medium -i-dynamic "-I/software/apps/geos/netcdf/4.3.0/intel/16.0/include -I/software/apps/geos/netcdf-fortran/4.2.0/intel/16.0/include" -c uvalbedo_mod.f
ifort -cpp -w -O3 -auto -noalign -convert big_endian -fp-model precise -vec-report0 -traceback -openmp -Dmultitask -mcmodel=medium -i-dynamic "-I/software/apps/geos/netcdf/4.3.0/intel/16.0/include -I/software/apps/geos/netcdf-fortran/4.2.0/intel/16.0/include" -c RnPbBe_mod.f
ifort -cpp -w -O3 -auto -noalign -convert big_endian -fp-model precise -vec-report0 -traceback -openmp -Dmultitask -mcmodel=medium -i-dynamic "-I/software/apps/geos/netcdf/4.3.0/intel/16.0/include -I/software/apps/geos/netcdf-fortran/4.2.0/intel/16.0/include" -c Kr85_mod.f
ifort -cpp -w -O3 -auto -noalign -convert big_endian -fp-model precise -vec-report0 -traceback -openmp -Dmultitask -mcmodel=medium -i-dynamic "-I/software/apps/geos/netcdf/4.3.0/intel/16.0/include -I/software/apps/geos/netcdf-fortran/4.2.0/intel/16.0/include" -c -r8 modified/acetone_mod.f
ifort -cpp -w -O3 -auto -noalign -convert big_endian -fp-model precise -vec-report0 -traceback -openmp -Dmultitask -mcmodel=medium -i-dynamic "-I/software/apps/geos/netcdf/4.3.0/intel/16.0/include -I/software/apps/geos/netcdf-fortran/4.2.0/intel/16.0/include" -c aerosol_mod.f
ifort -cpp -w -O3 -auto -noalign -convert big_endian -fp-model precise -vec-report0 -traceback -openmp -Dmultitask -mcmodel=medium -i-dynamic "-I/software/apps/geos/netcdf/4.3.0/intel/16.0/include -I/software/apps/geos/netcdf-fortran/4.2.0/intel/16.0/include" -c aircraft_nox_mod.f
ifort -cpp -w -O3 -auto -noalign -convert big_endian -fp-model precise -vec-report0 -traceback -openmp -Dmultitask -mcmodel=medium -i-dynamic "-I/software/apps/geos/netcdf/4.3.0/intel/16.0/include -I/software/apps/geos/netcdf-fortran/4.2.0/intel/16.0/include" -c retro_mod.f
ifort -cpp -w -O3 -auto -noalign -convert big_endian -fp-model precise -vec-report0 -traceback -openmp -Dmultitask -mcmodel=medium -i-dynamic "-I/software/apps/geos/netcdf/4.3.0/intel/16.0/include -I/software/apps/geos/netcdf-fortran/4.2.0/intel/16.0/include" -c biofuel_mod.f
ifort -cpp -w -O3 -auto -noalign -convert big_endian -fp-model precise -vec-report0 -traceback -openmp -Dmultitask -mcmodel=medium -i-dynamic "-I/software/apps/geos/netcdf/4.3.0/intel/16.0/include -I/software/apps/geos/netcdf-fortran/4.2.0/intel/16.0/include" -c gc_biomass_mod.f
ifort -cpp -w -O3 -auto -noalign -convert big_endian -fp-model precise -vec-report0 -traceback -openmp -Dmultitask -mcmodel=medium -i-dynamic "-I/software/apps/geos/netcdf/4.3.0/intel/16.0/include -I/software/apps/geos/netcdf-fortran/4.2.0/intel/16.0/include" -c gfed2_biomass_mod.f
ifort -cpp -w -O3 -auto -noalign -convert big_endian -fp-model precise -vec-report0 -traceback -openmp -Dmultitask -mcmodel=medium -i-dynamic "-I/software/apps/geos/netcdf/4.3.0/intel/16.0/include -I/software/apps/geos/netcdf-fortran/4.2.0/intel/16.0/include" -c gfed3_biomass_mod.f
ifort -cpp -w -O3 -auto -noalign -convert big_endian -fp-model precise -vec-report0 -traceback -openmp -Dmultitask -mcmodel=medium -i-dynamic "-I/software/apps/geos/netcdf/4.3.0/intel/16.0/include -I/software/apps/geos/netcdf-fortran/4.2.0/intel/16.0/include" -c biomass_mod.f
ifort -cpp -w -O3 -auto -noalign -convert big_endian -fp-model precise -vec-report0 -traceback -openmp -Dmultitask -mcmodel=medium -i-dynamic "-I/software/apps/geos/netcdf/4.3.0/intel/16.0/include -I/software/apps/geos/netcdf-fortran/4.2.0/intel/16.0/include" -c -r8 modified/global_ch4_mod.f
ifort -cpp -w -O3 -auto -noalign -convert big_endian -fp-model precise -vec-report0 -traceback -openmp -Dmultitask -mcmodel=medium -i-dynamic "-I/software/apps/geos/netcdf/4.3.0/intel/16.0/include -I/software/apps/geos/netcdf-fortran/4.2.0/intel/16.0/include" -c -r8 ./adjoint/global_ch4_adj_mod.f
ifort -cpp -w -O3 -auto -noalign -convert big_endian -fp-model precise -vec-report0 -traceback -openmp -Dmultitask -mcmodel=medium -i-dynamic "-I/software/apps/geos/netcdf/4.3.0/intel/16.0/include -I/software/apps/geos/netcdf-fortran/4.2.0/intel/16.0/include" -c c2h6_mod.f
ifort -cpp -w -O3 -auto -noalign -convert big_endian -fp-model precise -vec-report0 -traceback -openmp -Dmultitask -mcmodel=medium -i-dynamic "-I/software/apps/geos/netcdf/4.3.0/intel/16.0/include -I/software/apps/geos/netcdf-fortran/4.2.0/intel/16.0/include" -c ch3i_mod.f
ifort -cpp -w -O3 -auto -noalign -convert big_endian -fp-model precise -vec-report0 -traceback -openmp -Dmultitask -mcmodel=medium -i-dynamic "-I/software/apps/geos/netcdf/4.3.0/intel/16.0/include -I/software/apps/geos/netcdf-fortran/4.2.0/intel/16.0/include" -c -r8 modified/a3_read_mod.f
ifort -cpp -w -O3 -auto -noalign -convert big_endian -fp-model precise -vec-report0 -traceback -openmp -Dmultitask -mcmodel=medium -i-dynamic "-I/software/apps/geos/netcdf/4.3.0/intel/16.0/include -I/software/apps/geos/netcdf-fortran/4.2.0/intel/16.0/include" -c -r8 modified/a6_read_mod.f
ifort -cpp -w -O3 -auto -noalign -convert big_endian -fp-model precise -vec-report0 -traceback -openmp -Dmultitask -mcmodel=medium -i-dynamic "-I/software/apps/geos/netcdf/4.3.0/intel/16.0/include -I/software/apps/geos/netcdf-fortran/4.2.0/intel/16.0/include" -c -r8 modified/i6_read_mod.f
ifort -cpp -w -O3 -auto -noalign -convert big_endian -fp-model precise -vec-report0 -traceback -openmp -Dmultitask -mcmodel=medium -i-dynamic "-I/software/apps/geos/netcdf/4.3.0/intel/16.0/include -I/software/apps/geos/netcdf-fortran/4.2.0/intel/16.0/include" -c gcap_read_mod.f
ifort -cpp -w -O3 -auto -noalign -convert big_endian -fp-model precise -vec-report0 -traceback -openmp -Dmultitask -mcmodel=medium -i-dynamic "-I/software/apps/geos/netcdf/4.3.0/intel/16.0/include -I/software/apps/geos/netcdf-fortran/4.2.0/intel/16.0/include" -c -r8 modified/gwet_read_mod.f
ifort -cpp -w -O3 -auto -noalign -convert big_endian -fp-model precise -vec-report0 -traceback -openmp -Dmultitask -mcmodel=medium -i-dynamic "-I/software/apps/geos/netcdf/4.3.0/intel/16.0/include -I/software/apps/geos/netcdf-fortran/4.2.0/intel/16.0/include" -c xtra_read_mod.f
ifort -cpp -w -O3 -auto -noalign -convert big_endian -fp-model precise -vec-report0 -traceback -openmp -Dmultitask -mcmodel=medium -i-dynamic "-I/software/apps/geos/netcdf/4.3.0/intel/16.0/include -I/software/apps/geos/netcdf-fortran/4.2.0/intel/16.0/include" -c -r8 modified/megan_mod.f
ifort -cpp -w -O3 -auto -noalign -convert big_endian -fp-model precise -vec-report0 -traceback -openmp -Dmultitask -mcmodel=medium -i-dynamic "-I/software/apps/geos/netcdf/4.3.0/intel/16.0/include -I/software/apps/geos/netcdf-fortran/4.2.0/intel/16.0/include" -c rcp_mod.f
ifort -cpp -w -O3 -auto -noalign -convert big_endian -fp-model precise -vec-report0 -traceback -openmp -Dmultitask -mcmodel=medium -i-dynamic "-I/software/apps/geos/netcdf/4.3.0/intel/16.0/include -I/software/apps/geos/netcdf-fortran/4.2.0/intel/16.0/include" -c -r8 modified/carbon_mod.f
ifort -cpp -w -O3 -auto -noalign -convert big_endian -fp-model precise -vec-report0 -traceback -openmp -Dmultitask -mcmodel=medium -i-dynamic "-I/software/apps/geos/netcdf/4.3.0/intel/16.0/include -I/software/apps/geos/netcdf-fortran/4.2.0/intel/16.0/include" -c -r8 adjoint/carbon_adj_mod.f
ifort -cpp -w -O3 -auto -noalign -convert big_endian -fp-model precise -vec-report0 -traceback -openmp -Dmultitask -mcmodel=medium -i-dynamic "-I/software/apps/geos/netcdf/4.3.0/intel/16.0/include -I/software/apps/geos/netcdf-fortran/4.2.0/intel/16.0/include" -c optdepth_mod.f
ifort -cpp -w -O3 -auto -noalign -convert big_endian -fp-model precise -vec-report0 -traceback -openmp -Dmultitask -mcmodel=medium -i-dynamic "-I/software/apps/geos/netcdf/4.3.0/intel/16.0/include -I/software/apps/geos/netcdf-fortran/4.2.0/intel/16.0/include" -c planeflight_mod.f
ifort -cpp -w -O3 -auto -noalign -convert big_endian -fp-model precise -vec-report0 -traceback -openmp -Dmultitask -mcmodel=medium -i-dynamic "-I/software/apps/geos/netcdf/4.3.0/intel/16.0/include -I/software/apps/geos/netcdf-fortran/4.2.0/intel/16.0/include" -c -r8 modified/restart_mod.f
ifort -cpp -w -O3 -auto -noalign -convert big_endian -fp-model precise -vec-report0 -traceback -openmp -Dmultitask -mcmodel=medium -i-dynamic "-I/software/apps/geos/netcdf/4.3.0/intel/16.0/include -I/software/apps/geos/netcdf-fortran/4.2.0/intel/16.0/include" -c -r8 adjoint/checkpt_mod.f
ifort -cpp -w -O3 -auto -noalign -convert big_endian -fp-model precise -vec-report0 -traceback -openmp -Dmultitask -mcmodel=medium -i-dynamic "-I/software/apps/geos/netcdf/4.3.0/intel/16.0/include -I/software/apps/geos/netcdf-fortran/4.2.0/intel/16.0/include" -c -r8 obs_operators/population_mod.f
ifort -cpp -w -O3 -auto -noalign -convert big_endian -fp-model precise -vec-report0 -traceback -openmp -Dmultitask -mcmodel=medium -i-dynamic "-I/software/apps/geos/netcdf/4.3.0/intel/16.0/include -I/software/apps/geos/netcdf-fortran/4.2.0/intel/16.0/include" -c -r8 modified/lightning_nox_mod.f
ifort -cpp -w -O3 -auto -noalign -convert big_endian -fp-model precise -vec-report0 -traceback -openmp -Dmultitask -mcmodel=medium -i-dynamic "-I/software/apps/geos/netcdf/4.3.0/intel/16.0/include -I/software/apps/geos/netcdf-fortran/4.2.0/intel/16.0/include" -c -r8 obs_operators/interpolate.f90
ifort -cpp -w -O3 -auto -noalign -convert big_endian -fp-model precise -vec-report0 -traceback -openmp -Dmultitask -mcmodel=medium -i-dynamic "-I/software/apps/geos/netcdf/4.3.0/intel/16.0/include -I/software/apps/geos/netcdf-fortran/4.2.0/intel/16.0/include" -c -r8 modified/rpmares_mod.f
ifort -cpp -w -O3 -auto -noalign -convert big_endian -fp-model precise -vec-report0 -traceback -openmp -Dmultitask -mcmodel=medium -i-dynamic "-I/software/apps/geos/netcdf/4.3.0/intel/16.0/include -I/software/apps/geos/netcdf-fortran/4.2.0/intel/16.0/include" -c -r8 obs_operators/gosat_co2_mod.f
ifort -cpp -w -O3 -auto -noalign -convert big_endian -fp-model precise -vec-report0 -traceback -openmp -Dmultitask -mcmodel=medium -i-dynamic "-I/software/apps/geos/netcdf/4.3.0/intel/16.0/include -I/software/apps/geos/netcdf-fortran/4.2.0/intel/16.0/include" -c -r8 obs_operators/flask_co2_mod.f
ifort -cpp -w -O3 -auto -noalign -convert big_endian -fp-model precise -vec-report0 -traceback -openmp -Dmultitask -mcmodel=medium -i-dynamic "-I/software/apps/geos/netcdf/4.3.0/intel/16.0/include -I/software/apps/geos/netcdf-fortran/4.2.0/intel/16.0/include" -c -r8 obs_operators/tes_nh3_mod.f
ifort -cpp -w -O3 -auto -noalign -convert big_endian -fp-model precise -vec-report0 -traceback -openmp -Dmultitask -mcmodel=medium -i-dynamic "-I/software/apps/geos/netcdf/4.3.0/intel/16.0/include -I/software/apps/geos/netcdf-fortran/4.2.0/intel/16.0/include" -c -r8 obs_operators/tes_o3_mod.f
ifort -cpp -w -O3 -auto -noalign -convert big_endian -fp-model precise -vec-report0 -traceback -openmp -Dmultitask -mcmodel=medium -i-dynamic "-I/software/apps/geos/netcdf/4.3.0/intel/16.0/include -I/software/apps/geos/netcdf-fortran/4.2.0/intel/16.0/include" -c -r8 obs_operators/tes_o3_irk_mod.f
ifort -cpp -w -O3 -auto -noalign -convert big_endian -fp-model precise -vec-report0 -traceback -openmp -Dmultitask -mcmodel=medium -i-dynamic "-I/software/apps/geos/netcdf/4.3.0/intel/16.0/include -I/software/apps/geos/netcdf-fortran/4.2.0/intel/16.0/include" -c -extend_source -r8 adjoint/rpmares_adj_mod.f
ifort -cpp -w -O3 -auto -noalign -convert big_endian -fp-model precise -vec-report0 -traceback -openmp -Dmultitask -mcmodel=medium -i-dynamic "-I/software/apps/geos/netcdf/4.3.0/intel/16.0/include -I/software/apps/geos/netcdf-fortran/4.2.0/intel/16.0/include" -c -r8 new/isoropiaIIcode_adj.f
ifort -cpp -w -O3 -auto -noalign -convert big_endian -fp-model precise -vec-report0 -traceback -openmp -Dmultitask -mcmodel=medium -i-dynamic "-I/software/apps/geos/netcdf/4.3.0/intel/16.0/include -I/software/apps/geos/netcdf-fortran/4.2.0/intel/16.0/include" -c -r8 new/isoropiaII_adj_mod.f
ifort -cpp -w -O3 -auto -noalign -convert big_endian -fp-model precise -vec-report0 -traceback -openmp -Dmultitask -mcmodel=medium -i-dynamic "-I/software/apps/geos/netcdf/4.3.0/intel/16.0/include -I/software/apps/geos/netcdf-fortran/4.2.0/intel/16.0/include" -c -r8 modified/wetscav_mod.f
ifort -cpp -w -O3 -auto -noalign -convert big_endian -fp-model precise -vec-report0 -traceback -openmp -Dmultitask -mcmodel=medium -i-dynamic "-I/software/apps/geos/netcdf/4.3.0/intel/16.0/include -I/software/apps/geos/netcdf-fortran/4.2.0/intel/16.0/include" -c -r8 adjoint/wetscav_adj_mod.f
ifort -cpp -w -O3 -auto -noalign -convert big_endian -fp-model precise -vec-report0 -traceback -openmp -Dmultitask -mcmodel=medium -i-dynamic "-I/software/apps/geos/netcdf/4.3.0/intel/16.0/include -I/software/apps/geos/netcdf-fortran/4.2.0/intel/16.0/include" -c seasalt_mod.f
ifort -cpp -w -O3 -auto -noalign -convert big_endian -fp-model precise -vec-report0 -traceback -openmp -Dmultitask -mcmodel=medium -i-dynamic "-I/software/apps/geos/netcdf/4.3.0/intel/16.0/include -I/software/apps/geos/netcdf-fortran/4.2.0/intel/16.0/include" -c -r8 modified/sulfate_mod.f
ifort -cpp -w -O3 -auto -noalign -convert big_endian -fp-model precise -vec-report0 -traceback -openmp -Dmultitask -mcmodel=medium -i-dynamic "-I/software/apps/geos/netcdf/4.3.0/intel/16.0/include -I/software/apps/geos/netcdf-fortran/4.2.0/intel/16.0/include" -c -r8 adjoint/sulfate_adj_mod.f
ifort -cpp -w -O3 -auto -noalign -convert big_endian -fp-model precise -vec-report0 -traceback -openmp -Dmultitask -mcmodel=medium -i-dynamic "-I/software/apps/geos/netcdf/4.3.0/intel/16.0/include -I/software/apps/geos/netcdf-fortran/4.2.0/intel/16.0/include" -c hcn_ch3cn_mod.f
ifort -cpp -w -O3 -auto -noalign -convert big_endian -fp-model precise -vec-report0 -traceback -openmp -Dmultitask -mcmodel=medium -i-dynamic "-I/software/apps/geos/netcdf/4.3.0/intel/16.0/include -I/software/apps/geos/netcdf-fortran/4.2.0/intel/16.0/include" -c -r8 modified/tagged_co_mod.f
ifort -cpp -w -O3 -auto -noalign -convert big_endian -fp-model precise -vec-report0 -traceback -openmp -Dmultitask -mcmodel=medium -i-dynamic "-I/software/apps/geos/netcdf/4.3.0/intel/16.0/include -I/software/apps/geos/netcdf-fortran/4.2.0/intel/16.0/include" -c -r8 adjoint/tagged_co_adj_mod.f
ifort -cpp -w -O3 -auto -noalign -convert big_endian -fp-model precise -vec-report0 -traceback -openmp -Dmultitask -mcmodel=medium -i-dynamic "-I/software/apps/geos/netcdf/4.3.0/intel/16.0/include -I/software/apps/geos/netcdf-fortran/4.2.0/intel/16.0/include" -c -r8 modified/tagged_ox_mod.f
ifort -cpp -w -O3 -auto -noalign -convert big_endian -fp-model precise -vec-report0 -traceback -openmp -Dmultitask -mcmodel=medium -i-dynamic "-I/software/apps/geos/netcdf/4.3.0/intel/16.0/include -I/software/apps/geos/netcdf-fortran/4.2.0/intel/16.0/include" -c -r8 adjoint/tagged_ox_adj_mod.f
ifort -cpp -w -O3 -auto -noalign -convert big_endian -fp-model precise -vec-report0 -traceback -openmp -Dmultitask -mcmodel=medium -i-dynamic "-I/software/apps/geos/netcdf/4.3.0/intel/16.0/include -I/software/apps/geos/netcdf-fortran/4.2.0/intel/16.0/include" -c h2_hd_mod.f
ifort -cpp -w -O3 -auto -noalign -convert big_endian -fp-model precise -vec-report0 -traceback -openmp -Dmultitask -mcmodel=medium -i-dynamic "-I/software/apps/geos/netcdf/4.3.0/intel/16.0/include -I/software/apps/geos/netcdf-fortran/4.2.0/intel/16.0/include" -c gcap_convect_mod.f
ifort -cpp -w -O3 -auto -noalign -convert big_endian -fp-model precise -vec-report0 -traceback -openmp -Dmultitask -mcmodel=medium -i-dynamic "-I/software/apps/geos/netcdf/4.3.0/intel/16.0/include -I/software/apps/geos/netcdf-fortran/4.2.0/intel/16.0/include" -c fvdas_convect_mod.f
ifort -cpp -w -O3 -auto -noalign -convert big_endian -fp-model precise -vec-report0 -traceback -openmp -Dmultitask -mcmodel=medium -i-dynamic "-I/software/apps/geos/netcdf/4.3.0/intel/16.0/include -I/software/apps/geos/netcdf-fortran/4.2.0/intel/16.0/include" -c -r8 modified/convection_mod.f
ifort -cpp -w -O3 -auto -noalign -convert big_endian -fp-model precise -vec-report0 -traceback -openmp -Dmultitask -mcmodel=medium -i-dynamic "-I/software/apps/geos/netcdf/4.3.0/intel/16.0/include -I/software/apps/geos/netcdf-fortran/4.2.0/intel/16.0/include" -c -r8 adjoint/fvdas_convect_adj_mod.f
ifort -cpp -w -O3 -auto -noalign -convert big_endian -fp-model precise -vec-report0 -traceback -openmp -Dmultitask -mcmodel=medium -i-dynamic "-I/software/apps/geos/netcdf/4.3.0/intel/16.0/include -I/software/apps/geos/netcdf-fortran/4.2.0/intel/16.0/include" -c -r8 adjoint/convection_adj_mod.f
ifort -cpp -w -O3 -auto -noalign -convert big_endian -fp-model precise -vec-report0 -traceback -openmp -Dmultitask -mcmodel=medium -i-dynamic "-I/software/apps/geos/netcdf/4.3.0/intel/16.0/include -I/software/apps/geos/netcdf-fortran/4.2.0/intel/16.0/include" -c pjc_pfix_mod.f
ifort -cpp -w -O3 -auto -noalign -convert big_endian -fp-model precise -vec-report0 -traceback -openmp -Dmultitask -mcmodel=medium -i-dynamic "-I/software/apps/geos/netcdf/4.3.0/intel/16.0/include -I/software/apps/geos/netcdf-fortran/4.2.0/intel/16.0/include" -c     modified/pjc_pfix_geos5_window_mod.f
ifort -cpp -w -O3 -auto -noalign -convert big_endian -fp-model precise -vec-report0 -traceback -openmp -Dmultitask -mcmodel=medium -i-dynamic "-I/software/apps/geos/netcdf/4.3.0/intel/16.0/include -I/software/apps/geos/netcdf-fortran/4.2.0/intel/16.0/include" -c     modified/pjc_pfix_geosfp_window_mod.f
ifort -cpp -w -O3 -auto -noalign -convert big_endian -fp-model precise -vec-report0 -traceback -openmp -Dmultitask -mcmodel=medium -i-dynamic "-I/software/apps/geos/netcdf/4.3.0/intel/16.0/include -I/software/apps/geos/netcdf-fortran/4.2.0/intel/16.0/include" -c     modified/pjc_pfix_merra2_window_mod.f
ifort -cpp -w -O3 -auto -noalign -convert big_endian -fp-model precise -vec-report0 -traceback -openmp -Dmultitask -mcmodel=medium -i-dynamic "-I/software/apps/geos/netcdf/4.3.0/intel/16.0/include -I/software/apps/geos/netcdf-fortran/4.2.0/intel/16.0/include" -c dust_dead_mod.f
ifort -cpp -w -O3 -auto -noalign -convert big_endian -fp-model precise -vec-report0 -traceback -openmp -Dmultitask -mcmodel=medium -i-dynamic "-I/software/apps/geos/netcdf/4.3.0/intel/16.0/include -I/software/apps/geos/netcdf-fortran/4.2.0/intel/16.0/include" -c -r8 modified/dust_mod.f
ifort -cpp -w -O3 -auto -noalign -convert big_endian -fp-model precise -vec-report0 -traceback -openmp -Dmultitask -mcmodel=medium -i-dynamic "-I/software/apps/geos/netcdf/4.3.0/intel/16.0/include -I/software/apps/geos/netcdf-fortran/4.2.0/intel/16.0/include" -c -r8 adjoint/dust_adj_mod.f
ifort -cpp -w -O3 -auto -noalign -convert big_endian -fp-model precise -vec-report0 -traceback -openmp -Dmultitask -mcmodel=medium -i-dynamic "-I/software/apps/geos/netcdf/4.3.0/intel/16.0/include -I/software/apps/geos/netcdf-fortran/4.2.0/intel/16.0/include" -c -r8 modified/co2_mod.f
ifort -cpp -w -O3 -auto -noalign -convert big_endian -fp-model precise -vec-report0 -traceback -openmp -Dmultitask -mcmodel=medium -i-dynamic "-I/software/apps/geos/netcdf/4.3.0/intel/16.0/include -I/software/apps/geos/netcdf-fortran/4.2.0/intel/16.0/include" -c -r8 adjoint/co2_adj_mod.f
ifort -cpp -w -O3 -auto -noalign -convert big_endian -fp-model precise -vec-report0 -traceback -openmp -Dmultitask -mcmodel=medium -i-dynamic "-I/software/apps/geos/netcdf/4.3.0/intel/16.0/include -I/software/apps/geos/netcdf-fortran/4.2.0/intel/16.0/include" -c mercury_mod.f
ifort -cpp -w -O3 -auto -noalign -convert big_endian -fp-model precise -vec-report0 -traceback -openmp -Dmultitask -mcmodel=medium -i-dynamic "-I/software/apps/geos/netcdf/4.3.0/intel/16.0/include -I/software/apps/geos/netcdf-fortran/4.2.0/intel/16.0/include" -c toms_mod.f
ifort -cpp -w -O3 -auto -noalign -convert big_endian -fp-model precise -vec-report0 -traceback -openmp -Dmultitask -mcmodel=medium -i-dynamic "-I/software/apps/geos/netcdf/4.3.0/intel/16.0/include -I/software/apps/geos/netcdf-fortran/4.2.0/intel/16.0/include" -c tpcore_bc_mod.f
ifort -cpp -w -O3 -auto -noalign -convert big_endian -fp-model precise -vec-report0 -traceback -openmp -Dmultitask -mcmodel=medium -i-dynamic "-I/software/apps/geos/netcdf/4.3.0/intel/16.0/include -I/software/apps/geos/netcdf-fortran/4.2.0/intel/16.0/include" -c -r8 tpcore_fvdas_mod.f90
ifort -cpp -w -O3 -auto -noalign -convert big_endian -fp-model precise -vec-report0 -traceback -openmp -Dmultitask -mcmodel=medium -i-dynamic "-I/software/apps/geos/netcdf/4.3.0/intel/16.0/include -I/software/apps/geos/netcdf-fortran/4.2.0/intel/16.0/include" -c -r8 tpcore_mod.f
ifort -cpp -w -O3 -auto -noalign -convert big_endian -fp-model precise -vec-report0 -traceback -openmp -Dmultitask -mcmodel=medium -i-dynamic "-I/software/apps/geos/netcdf/4.3.0/intel/16.0/include -I/software/apps/geos/netcdf-fortran/4.2.0/intel/16.0/include" -c -r8 tpcore_window_mod.f
ifort -cpp -w -O3 -auto -noalign -convert big_endian -fp-model precise -vec-report0 -traceback -openmp -Dmultitask -mcmodel=medium -i-dynamic "-I/software/apps/geos/netcdf/4.3.0/intel/16.0/include -I/software/apps/geos/netcdf-fortran/4.2.0/intel/16.0/include" -c -r8 modified/tpcore_geos5_window_mod.f90
ifort -cpp -w -O3 -auto -noalign -convert big_endian -fp-model precise -vec-report0 -traceback -openmp -Dmultitask -mcmodel=medium -i-dynamic "-I/software/apps/geos/netcdf/4.3.0/intel/16.0/include -I/software/apps/geos/netcdf-fortran/4.2.0/intel/16.0/include" -c -r8 modified/tpcore_geosfp_window_mod.f90
ifort -cpp -w -O3 -auto -noalign -convert big_endian -fp-model precise -vec-report0 -traceback -openmp -Dmultitask -mcmodel=medium -i-dynamic "-I/software/apps/geos/netcdf/4.3.0/intel/16.0/include -I/software/apps/geos/netcdf-fortran/4.2.0/intel/16.0/include" -c -r8 modified/tpcore_merra2_window_mod.f90
ifort -cpp -w -O3 -auto -noalign -convert big_endian -fp-model precise -vec-report0 -traceback -openmp -Dmultitask -mcmodel=medium -i-dynamic "-I/software/apps/geos/netcdf/4.3.0/intel/16.0/include -I/software/apps/geos/netcdf-fortran/4.2.0/intel/16.0/include" -c -r8 modified/transport_mod.f
ifort -cpp -w -O3 -auto -noalign -convert big_endian -fp-model precise -vec-report0 -traceback -openmp -Dmultitask -mcmodel=medium -i-dynamic "-I/software/apps/geos/netcdf/4.3.0/intel/16.0/include -I/software/apps/geos/netcdf-fortran/4.2.0/intel/16.0/include" -c -r8 new/linoz_mod.f
ifort -cpp -w -O3 -auto -noalign -convert big_endian -fp-model precise -vec-report0 -traceback -openmp -Dmultitask -mcmodel=medium -i-dynamic "-I/software/apps/geos/netcdf/4.3.0/intel/16.0/include -I/software/apps/geos/netcdf-fortran/4.2.0/intel/16.0/include" -c -r8 adjoint/linoz_adj_mod.f
ifort -cpp -w -O3 -auto -noalign -convert big_endian -fp-model precise -vec-report0 -traceback -openmp -Dmultitask -mcmodel=medium -i-dynamic "-I/software/apps/geos/netcdf/4.3.0/intel/16.0/include -I/software/apps/geos/netcdf-fortran/4.2.0/intel/16.0/include" -c -r8 adjoint/upbdflx_adj_mod.f
ifort -cpp -w -O3 -auto -noalign -convert big_endian -fp-model precise -vec-report0 -traceback -openmp -Dmultitask -mcmodel=medium -i-dynamic "-I/software/apps/geos/netcdf/4.3.0/intel/16.0/include -I/software/apps/geos/netcdf-fortran/4.2.0/intel/16.0/include" -c -r8 modified/upbdflx_mod.f
ifort -cpp -w -O3 -auto -noalign -convert big_endian -fp-model precise -vec-report0 -traceback -openmp -Dmultitask -mcmodel=medium -i-dynamic "-I/software/apps/geos/netcdf/4.3.0/intel/16.0/include -I/software/apps/geos/netcdf-fortran/4.2.0/intel/16.0/include" -c -r8 new/strat_chem_mod.f
ifort -cpp -w -O3 -auto -noalign -convert big_endian -fp-model precise -vec-report0 -traceback -openmp -Dmultitask -mcmodel=medium -i-dynamic "-I/software/apps/geos/netcdf/4.3.0/intel/16.0/include -I/software/apps/geos/netcdf-fortran/4.2.0/intel/16.0/include" -c -r8 adjoint/strat_chem_adj_mod.f
ifort -cpp -w -O3 -auto -noalign -convert big_endian -fp-model precise -vec-report0 -traceback -openmp -Dmultitask -mcmodel=medium -i-dynamic "-I/software/apps/geos/netcdf/4.3.0/intel/16.0/include -I/software/apps/geos/netcdf-fortran/4.2.0/intel/16.0/include" -c -r8 modified/chemistry_mod.f
ifort -cpp -w -O3 -auto -noalign -convert big_endian -fp-model precise -vec-report0 -traceback -openmp -Dmultitask -mcmodel=medium -i-dynamic "-I/software/apps/geos/netcdf/4.3.0/intel/16.0/include -I/software/apps/geos/netcdf-fortran/4.2.0/intel/16.0/include" -c -r8 adjoint/chemistry_adj_mod.f
ifort -cpp -w -O3 -auto -noalign -convert big_endian -fp-model precise -vec-report0 -traceback -openmp -Dmultitask -mcmodel=medium -i-dynamic "-I/software/apps/geos/netcdf/4.3.0/intel/16.0/include -I/software/apps/geos/netcdf-fortran/4.2.0/intel/16.0/include" -c -r8 paranox_mod.f
ifort -cpp -w -O3 -auto -noalign -convert big_endian -fp-model precise -vec-report0 -traceback -openmp -Dmultitask -mcmodel=medium -i-dynamic "-I/software/apps/geos/netcdf/4.3.0/intel/16.0/include -I/software/apps/geos/netcdf-fortran/4.2.0/intel/16.0/include" -c -r8 adjoint/paranox_adj_mod.f
ifort -cpp -w -O3 -auto -noalign -convert big_endian -fp-model precise -vec-report0 -traceback -openmp -Dmultitask -mcmodel=medium -i-dynamic "-I/software/apps/geos/netcdf/4.3.0/intel/16.0/include -I/software/apps/geos/netcdf-fortran/4.2.0/intel/16.0/include" -c emissions_mod.f
ifort -cpp -w -O3 -auto -noalign -convert big_endian -fp-model precise -vec-report0 -traceback -openmp -Dmultitask -mcmodel=medium -i-dynamic "-I/software/apps/geos/netcdf/4.3.0/intel/16.0/include -I/software/apps/geos/netcdf-fortran/4.2.0/intel/16.0/include" -c -r8 adjoint/weak_constraint_mod.f90
ifort -cpp -w -O3 -auto -noalign -convert big_endian -fp-model precise -vec-report0 -traceback -openmp -Dmultitask -mcmodel=medium -i-dynamic "-I/software/apps/geos/netcdf/4.3.0/intel/16.0/include -I/software/apps/geos/netcdf-fortran/4.2.0/intel/16.0/include" -c -r8 adjoint/emissions_adj_mod.f
ifort -cpp -w -O3 -auto -noalign -convert big_endian -fp-model precise -vec-report0 -traceback -openmp -Dmultitask -mcmodel=medium -i-dynamic "-I/software/apps/geos/netcdf/4.3.0/intel/16.0/include -I/software/apps/geos/netcdf-fortran/4.2.0/intel/16.0/include" -c     modified/gamap_mod.f
ifort -cpp -w -O3 -auto -noalign -convert big_endian -fp-model precise -vec-report0 -traceback -openmp -Dmultitask -mcmodel=medium -i-dynamic "-I/software/apps/geos/netcdf/4.3.0/intel/16.0/include -I/software/apps/geos/netcdf-fortran/4.2.0/intel/16.0/include" -c -r8 modified/input_mod.f
ifort -cpp -w -O3 -auto -noalign -convert big_endian -fp-model precise -vec-report0 -traceback -openmp -Dmultitask -mcmodel=medium -i-dynamic "-I/software/apps/geos/netcdf/4.3.0/intel/16.0/include -I/software/apps/geos/netcdf-fortran/4.2.0/intel/16.0/include" -c -r8 obs_operators/improve_bc_mod.f
ifort -cpp -w -O3 -auto -noalign -convert big_endian -fp-model precise -vec-report0 -traceback -openmp -Dmultitask -mcmodel=medium -i-dynamic "-I/software/apps/geos/netcdf/4.3.0/intel/16.0/include -I/software/apps/geos/netcdf-fortran/4.2.0/intel/16.0/include" -c -r8 modified/geos_chem_mod.f
ifort -cpp -w -O3 -auto -noalign -convert big_endian -fp-model precise -vec-report0 -traceback -openmp -Dmultitask -mcmodel=medium -i-dynamic "-I/software/apps/geos/netcdf/4.3.0/intel/16.0/include -I/software/apps/geos/netcdf-fortran/4.2.0/intel/16.0/include" -c -r8 obs_operators/ErrorModule.f90
ifort -cpp -w -O3 -auto -noalign -convert big_endian -fp-model precise -vec-report0 -traceback -openmp -Dmultitask -mcmodel=medium -i-dynamic "-I/software/apps/geos/netcdf/4.3.0/intel/16.0/include -I/software/apps/geos/netcdf-fortran/4.2.0/intel/16.0/include" -c -r8 obs_operators/sciabr_co_obs_mod.f
ifort -cpp -w -O3 -auto -noalign -convert big_endian -fp-model precise -vec-report0 -traceback -openmp -Dmultitask -mcmodel=medium -i-dynamic "-I/software/apps/geos/netcdf/4.3.0/intel/16.0/include -I/software/apps/geos/netcdf-fortran/4.2.0/intel/16.0/include" -c -r8 ./obs_operators/tes_ch4_mod.f
ifort -cpp -w -O3 -auto -noalign -convert big_endian -fp-model precise -vec-report0 -traceback -openmp -Dmultitask -mcmodel=medium -i-dynamic "-I/software/apps/geos/netcdf/4.3.0/intel/16.0/include -I/software/apps/geos/netcdf-fortran/4.2.0/intel/16.0/include" -c -r8 ./obs_operators/scia_ch4_mod.f
ifort -cpp -w -O3 -auto -noalign -convert big_endian -fp-model precise -vec-report0 -traceback -openmp -Dmultitask -mcmodel=medium -i-dynamic "-I/software/apps/geos/netcdf/4.3.0/intel/16.0/include -I/software/apps/geos/netcdf-fortran/4.2.0/intel/16.0/include" -c -r8 obs_operators/modis_aod_obs_mod.f
ifort -cpp -w -O3 -auto -noalign -convert big_endian -fp-model precise -vec-report0 -traceback -openmp -Dmultitask -mcmodel=medium -i-dynamic "-I/software/apps/geos/netcdf/4.3.0/intel/16.0/include -I/software/apps/geos/netcdf-fortran/4.2.0/intel/16.0/include" -c -r8 ./obs_operators/mem_ch4_mod.f
ifort -cpp -w -O3 -auto -noalign -convert big_endian -fp-model precise -vec-report0 -traceback -openmp -Dmultitask -mcmodel=medium -i-dynamic "-I/software/apps/geos/netcdf/4.3.0/intel/16.0/include -I/software/apps/geos/netcdf-fortran/4.2.0/intel/16.0/include" -c -r8 ./obs_operators/leo_ch4_mod.f
ifort -cpp -w -O3 -auto -noalign -convert big_endian -fp-model precise -vec-report0 -traceback -openmp -Dmultitask -mcmodel=medium -i-dynamic "-I/software/apps/geos/netcdf/4.3.0/intel/16.0/include -I/software/apps/geos/netcdf-fortran/4.2.0/intel/16.0/include" -c -r8 ./obs_operators/geocape_ch4_mod.f
ifort -cpp -w -O3 -auto -noalign -convert big_endian -fp-model precise -vec-report0 -traceback -openmp -Dmultitask -mcmodel=medium -i-dynamic "-I/software/apps/geos/netcdf/4.3.0/intel/16.0/include -I/software/apps/geos/netcdf-fortran/4.2.0/intel/16.0/include" -c -r8 adjoint/geos_chem_adj_mod.f
ifort -cpp -w -O3 -auto -noalign -convert big_endian -fp-model precise -vec-report0 -traceback -openmp -Dmultitask -mcmodel=medium -i-dynamic "-I/software/apps/geos/netcdf/4.3.0/intel/16.0/include -I/software/apps/geos/netcdf-fortran/4.2.0/intel/16.0/include" -c -r8 adjoint/inv_hessian_mod.f
ifort -cpp -w -O3 -auto -noalign -convert big_endian -fp-model precise -vec-report0 -traceback -openmp -Dmultitask -mcmodel=medium -i-dynamic "-I/software/apps/geos/netcdf/4.3.0/intel/16.0/include -I/software/apps/geos/netcdf-fortran/4.2.0/intel/16.0/include" -c -r8 adjoint/input_adj_mod.f
ifort -cpp -w -O3 -auto -noalign -convert big_endian -fp-model precise -vec-report0 -traceback -openmp -Dmultitask -mcmodel=medium -i-dynamic "-I/software/apps/geos/netcdf/4.3.0/intel/16.0/include -I/software/apps/geos/netcdf-fortran/4.2.0/intel/16.0/include" -c -r8 adjoint/inverse_mod.f
ifort -cpp -w -O3 -auto -noalign -convert big_endian -fp-model precise -vec-report0 -traceback -openmp -Dmultitask -mcmodel=medium -i-dynamic "-I/software/apps/geos/netcdf/4.3.0/intel/16.0/include -I/software/apps/geos/netcdf-fortran/4.2.0/intel/16.0/include" -c -r8 adjoint/inverse_driver.f
ifort -cpp -w -O3 -auto -noalign -convert big_endian -fp-model precise -vec-report0 -traceback -openmp -Dmultitask -mcmodel=medium -i-dynamic "-I/software/apps/geos/netcdf/4.3.0/intel/16.0/include -I/software/apps/geos/netcdf-fortran/4.2.0/intel/16.0/include" -c CO_strat_pl.f
ifort -cpp -w -O3 -auto -noalign -convert big_endian -fp-model precise -vec-report0 -traceback -openmp -Dmultitask -mcmodel=medium -i-dynamic "-I/software/apps/geos/netcdf/4.3.0/intel/16.0/include -I/software/apps/geos/netcdf-fortran/4.2.0/intel/16.0/include" -c -r8 adjoint/CO_strat_pl_adj.f
ifort -cpp -w -O3 -auto -noalign -convert big_endian -fp-model precise -vec-report0 -traceback -openmp -Dmultitask -mcmodel=medium -i-dynamic "-I/software/apps/geos/netcdf/4.3.0/intel/16.0/include -I/software/apps/geos/netcdf-fortran/4.2.0/intel/16.0/include" -c airmas.f
ifort -cpp -w -O3 -auto -noalign -convert big_endian -fp-model precise -vec-report0 -traceback -openmp -Dmultitask -mcmodel=medium -i-dynamic "-I/software/apps/geos/netcdf/4.3.0/intel/16.0/include -I/software/apps/geos/netcdf-fortran/4.2.0/intel/16.0/include" -c anthroems.f
ifort -cpp -w -O3 -auto -noalign -convert big_endian -fp-model precise -vec-report0 -traceback -openmp -Dmultitask -mcmodel=medium -i-dynamic "-I/software/apps/geos/netcdf/4.3.0/intel/16.0/include -I/software/apps/geos/netcdf-fortran/4.2.0/intel/16.0/include" -c arsl1k.f
icc -c  new/adBuffer.c
icc  -c new/adStack.c
ifort -cpp -w -O3 -auto -noalign -convert big_endian -fp-model precise -vec-report0 -traceback -openmp -Dmultitask -mcmodel=medium -i-dynamic "-I/software/apps/geos/netcdf/4.3.0/intel/16.0/include -I/software/apps/geos/netcdf-fortran/4.2.0/intel/16.0/include" -c backsub.f
ifort -cpp -w -O3 -auto -noalign -convert big_endian -fp-model precise -vec-report0 -traceback -openmp -Dmultitask -mcmodel=medium -i-dynamic "-I/software/apps/geos/netcdf/4.3.0/intel/16.0/include -I/software/apps/geos/netcdf-fortran/4.2.0/intel/16.0/include" -c biofit.f
ifort -cpp -w -O3 -auto -noalign -convert big_endian -fp-model precise -vec-report0 -traceback -openmp -Dmultitask -mcmodel=medium -i-dynamic "-I/software/apps/geos/netcdf/4.3.0/intel/16.0/include -I/software/apps/geos/netcdf-fortran/4.2.0/intel/16.0/include" -c -r8 new/blas.f
ifort -cpp -w -O3 -auto -noalign -convert big_endian -fp-model precise -vec-report0 -traceback -openmp -Dmultitask -mcmodel=medium -i-dynamic "-I/software/apps/geos/netcdf/4.3.0/intel/16.0/include -I/software/apps/geos/netcdf-fortran/4.2.0/intel/16.0/include" -c boxvl.f
ifort -cpp -w -O3 -auto -noalign -convert big_endian -fp-model precise -vec-report0 -traceback -openmp -Dmultitask -mcmodel=medium -i-dynamic "-I/software/apps/geos/netcdf/4.3.0/intel/16.0/include -I/software/apps/geos/netcdf-fortran/4.2.0/intel/16.0/include" -c -r8 modified/calcrate.f
ifort -cpp -w -O3 -auto -noalign -convert big_endian -fp-model precise -vec-report0 -traceback -openmp -Dmultitask -mcmodel=medium -i-dynamic "-I/software/apps/geos/netcdf/4.3.0/intel/16.0/include -I/software/apps/geos/netcdf-fortran/4.2.0/intel/16.0/include" -c -r8 adjoint/calcrate_adj.f
ifort -cpp -w -O3 -auto -noalign -convert big_endian -fp-model precise -vec-report0 -traceback -openmp -Dmultitask -mcmodel=medium -i-dynamic "-I/software/apps/geos/netcdf/4.3.0/intel/16.0/include -I/software/apps/geos/netcdf-fortran/4.2.0/intel/16.0/include" -c -r8 modified/chemdr.f
ifort -cpp -w -O3 -auto -noalign -convert big_endian -fp-model precise -vec-report0 -traceback -openmp -Dmultitask -mcmodel=medium -i-dynamic "-I/software/apps/geos/netcdf/4.3.0/intel/16.0/include -I/software/apps/geos/netcdf-fortran/4.2.0/intel/16.0/include" -c -r8 adjoint/chemdr_adj.f
ifort -cpp -w -O3 -auto -noalign -convert big_endian -fp-model precise -vec-report0 -traceback -openmp -Dmultitask -mcmodel=medium -i-dynamic "-I/software/apps/geos/netcdf/4.3.0/intel/16.0/include -I/software/apps/geos/netcdf-fortran/4.2.0/intel/16.0/include" -c cleanup.f
ifort -cpp -w -O3 -auto -noalign -convert big_endian -fp-model precise -vec-report0 -traceback -openmp -Dmultitask -mcmodel=medium -i-dynamic "-I/software/apps/geos/netcdf/4.3.0/intel/16.0/include -I/software/apps/geos/netcdf-fortran/4.2.0/intel/16.0/include" -c -r8 adjoint/cleanup_adj.f
ifort -cpp -w -O3 -auto -noalign -convert big_endian -fp-model precise -vec-report0 -traceback -openmp -Dmultitask -mcmodel=medium -i-dynamic "-I/software/apps/geos/netcdf/4.3.0/intel/16.0/include -I/software/apps/geos/netcdf-fortran/4.2.0/intel/16.0/include" -c decomp.f
ifort -cpp -w -O3 -auto -noalign -convert big_endian -fp-model precise -vec-report0 -traceback -openmp -Dmultitask -mcmodel=medium -i-dynamic "-I/software/apps/geos/netcdf/4.3.0/intel/16.0/include -I/software/apps/geos/netcdf-fortran/4.2.0/intel/16.0/include" -c diag1.f
ifort -cpp -w -O3 -auto -noalign -convert big_endian -fp-model precise -vec-report0 -traceback -openmp -Dmultitask -mcmodel=medium -i-dynamic "-I/software/apps/geos/netcdf/4.3.0/intel/16.0/include -I/software/apps/geos/netcdf-fortran/4.2.0/intel/16.0/include" -c diag3.f
ifort -cpp -w -O3 -auto -noalign -convert big_endian -fp-model precise -vec-report0 -traceback -openmp -Dmultitask -mcmodel=medium -i-dynamic "-I/software/apps/geos/netcdf/4.3.0/intel/16.0/include -I/software/apps/geos/netcdf-fortran/4.2.0/intel/16.0/include" -c diag_2pm.f
ifort -cpp -w -O3 -auto -noalign -convert big_endian -fp-model precise -vec-report0 -traceback -openmp -Dmultitask -mcmodel=medium -i-dynamic "-I/software/apps/geos/netcdf/4.3.0/intel/16.0/include -I/software/apps/geos/netcdf-fortran/4.2.0/intel/16.0/include" -c diagoh.f
ifort -cpp -w -O3 -auto -noalign -convert big_endian -fp-model precise -vec-report0 -traceback -openmp -Dmultitask -mcmodel=medium -i-dynamic "-I/software/apps/geos/netcdf/4.3.0/intel/16.0/include -I/software/apps/geos/netcdf-fortran/4.2.0/intel/16.0/include" -c emf_scale.f
ifort -cpp -w -O3 -auto -noalign -convert big_endian -fp-model precise -vec-report0 -traceback -openmp -Dmultitask -mcmodel=medium -i-dynamic "-I/software/apps/geos/netcdf/4.3.0/intel/16.0/include -I/software/apps/geos/netcdf-fortran/4.2.0/intel/16.0/include" -c emfossil.f
ifort -cpp -w -O3 -auto -noalign -convert big_endian -fp-model precise -vec-report0 -traceback -openmp -Dmultitask -mcmodel=medium -i-dynamic "-I/software/apps/geos/netcdf/4.3.0/intel/16.0/include -I/software/apps/geos/netcdf-fortran/4.2.0/intel/16.0/include" -c emisop.f
ifort -cpp -w -O3 -auto -noalign -convert big_endian -fp-model precise -vec-report0 -traceback -openmp -Dmultitask -mcmodel=medium -i-dynamic "-I/software/apps/geos/netcdf/4.3.0/intel/16.0/include -I/software/apps/geos/netcdf-fortran/4.2.0/intel/16.0/include" -c emisop_grass.f
ifort -cpp -w -O3 -auto -noalign -convert big_endian -fp-model precise -vec-report0 -traceback -openmp -Dmultitask -mcmodel=medium -i-dynamic "-I/software/apps/geos/netcdf/4.3.0/intel/16.0/include -I/software/apps/geos/netcdf-fortran/4.2.0/intel/16.0/include" -c emisop_mb.f
ifort -cpp -w -O3 -auto -noalign -convert big_endian -fp-model precise -vec-report0 -traceback -openmp -Dmultitask -mcmodel=medium -i-dynamic "-I/software/apps/geos/netcdf/4.3.0/intel/16.0/include -I/software/apps/geos/netcdf-fortran/4.2.0/intel/16.0/include" -c emissdr.f
ifort -cpp -w -O3 -auto -noalign -convert big_endian -fp-model precise -vec-report0 -traceback -openmp -Dmultitask -mcmodel=medium -i-dynamic "-I/software/apps/geos/netcdf/4.3.0/intel/16.0/include -I/software/apps/geos/netcdf-fortran/4.2.0/intel/16.0/include" -c emmonot.f
ifort -cpp -w -O3 -auto -noalign -convert big_endian -fp-model precise -vec-report0 -traceback -openmp -Dmultitask -mcmodel=medium -i-dynamic "-I/software/apps/geos/netcdf/4.3.0/intel/16.0/include -I/software/apps/geos/netcdf-fortran/4.2.0/intel/16.0/include" -c fertadd.f
ifort -cpp -w -O3 -auto -noalign -convert big_endian -fp-model precise -vec-report0 -traceback -openmp -Dmultitask -mcmodel=medium -i-dynamic "-I/software/apps/geos/netcdf/4.3.0/intel/16.0/include -I/software/apps/geos/netcdf-fortran/4.2.0/intel/16.0/include" -c findmon.f
ifort -cpp -w -O3 -auto -noalign -convert big_endian -fp-model precise -vec-report0 -traceback -openmp -Dmultitask -mcmodel=medium -i-dynamic "-I/software/apps/geos/netcdf/4.3.0/intel/16.0/include -I/software/apps/geos/netcdf-fortran/4.2.0/intel/16.0/include" -c fcro2ho2.f
ifort -cpp -w -O3 -auto -noalign -convert big_endian -fp-model precise -vec-report0 -traceback -openmp -Dmultitask -mcmodel=medium -i-dynamic "-I/software/apps/geos/netcdf/4.3.0/intel/16.0/include -I/software/apps/geos/netcdf-fortran/4.2.0/intel/16.0/include" -c fyrno3.f
ifort -cpp -w -O3 -auto -noalign -convert big_endian -fp-model precise -vec-report0 -traceback -openmp -Dmultitask -mcmodel=medium -i-dynamic "-I/software/apps/geos/netcdf/4.3.0/intel/16.0/include -I/software/apps/geos/netcdf-fortran/4.2.0/intel/16.0/include" -c fyhoro.f
ifort -cpp -w -O3 -auto -noalign -convert big_endian -fp-model precise -vec-report0 -traceback -openmp -Dmultitask -mcmodel=medium -i-dynamic "-I/software/apps/geos/netcdf/4.3.0/intel/16.0/include -I/software/apps/geos/netcdf-fortran/4.2.0/intel/16.0/include" -c -r8 modified/gasconc.f
ifort -cpp -w -O3 -auto -noalign -convert big_endian -fp-model precise -vec-report0 -traceback -openmp -Dmultitask -mcmodel=medium -i-dynamic "-I/software/apps/geos/netcdf/4.3.0/intel/16.0/include -I/software/apps/geos/netcdf-fortran/4.2.0/intel/16.0/include" -c get_global_ch4.f
ifort -cpp -w -O3 -auto -noalign -convert big_endian -fp-model precise -vec-report0 -traceback -openmp -Dmultitask -mcmodel=medium -i-dynamic "-I/software/apps/geos/netcdf/4.3.0/intel/16.0/include -I/software/apps/geos/netcdf-fortran/4.2.0/intel/16.0/include" -c getifsun.f
ifort -cpp -w -O3 -auto -noalign -convert big_endian -fp-model precise -vec-report0 -traceback -openmp -Dmultitask -mcmodel=medium -i-dynamic "-I/software/apps/geos/netcdf/4.3.0/intel/16.0/include -I/software/apps/geos/netcdf-fortran/4.2.0/intel/16.0/include" -c initialize.f
ifort -cpp -w -O3 -auto -noalign -convert big_endian -fp-model precise -vec-report0 -traceback -openmp -Dmultitask -mcmodel=medium -i-dynamic "-I/software/apps/geos/netcdf/4.3.0/intel/16.0/include -I/software/apps/geos/netcdf-fortran/4.2.0/intel/16.0/include" -c jsparse.f
ifort -cpp -w -O3 -auto -noalign -convert big_endian -fp-model precise -vec-report0 -traceback -openmp -Dmultitask -mcmodel=medium -i-dynamic "-I/software/apps/geos/netcdf/4.3.0/intel/16.0/include -I/software/apps/geos/netcdf-fortran/4.2.0/intel/16.0/include" -c ksparse.f
ifort -cpp -w -O3 -auto -noalign -convert big_endian -fp-model precise -vec-report0 -traceback -openmp -Dmultitask -mcmodel=medium -i-dynamic "-I/software/apps/geos/netcdf/4.3.0/intel/16.0/include -I/software/apps/geos/netcdf-fortran/4.2.0/intel/16.0/include" -c -r8 new/linpack.f
ifort -cpp -w -O3 -auto -noalign -convert big_endian -fp-model precise -vec-report0 -traceback -openmp -Dmultitask -mcmodel=medium -i-dynamic "-I/software/apps/geos/netcdf/4.3.0/intel/16.0/include -I/software/apps/geos/netcdf-fortran/4.2.0/intel/16.0/include" -c lump.f
ifort -cpp -w -O3 -auto -noalign -convert big_endian -fp-model precise -vec-report0 -traceback -openmp -Dmultitask -mcmodel=medium -i-dynamic "-I/software/apps/geos/netcdf/4.3.0/intel/16.0/include -I/software/apps/geos/netcdf-fortran/4.2.0/intel/16.0/include" -c -r8 adjoint/lump_adj.f
ifort -cpp -w -O3 -auto -noalign -convert big_endian -fp-model precise -vec-report0 -traceback -openmp -Dmultitask -mcmodel=medium -i-dynamic "-I/software/apps/geos/netcdf/4.3.0/intel/16.0/include -I/software/apps/geos/netcdf-fortran/4.2.0/intel/16.0/include" -c ndxx_setup.f
ifort -cpp -w -O3 -auto -noalign -convert big_endian -fp-model precise -vec-report0 -traceback -openmp -Dmultitask -mcmodel=medium -i-dynamic "-I/software/apps/geos/netcdf/4.3.0/intel/16.0/include -I/software/apps/geos/netcdf-fortran/4.2.0/intel/16.0/include" -c ohsave.f
ifort -cpp -w -O3 -auto -noalign -convert big_endian -fp-model precise -vec-report0 -traceback -openmp -Dmultitask -mcmodel=medium -i-dynamic "-I/software/apps/geos/netcdf/4.3.0/intel/16.0/include -I/software/apps/geos/netcdf-fortran/4.2.0/intel/16.0/include" -c -r8 modified/partition.f
ifort -cpp -w -O3 -auto -noalign -convert big_endian -fp-model precise -vec-report0 -traceback -openmp -Dmultitask -mcmodel=medium -i-dynamic "-I/software/apps/geos/netcdf/4.3.0/intel/16.0/include -I/software/apps/geos/netcdf-fortran/4.2.0/intel/16.0/include" -c -r8 adjoint/partition_adj.f
ifort -cpp -w -O3 -auto -noalign -convert big_endian -fp-model precise -vec-report0 -traceback -openmp -Dmultitask -mcmodel=medium -i-dynamic "-I/software/apps/geos/netcdf/4.3.0/intel/16.0/include -I/software/apps/geos/netcdf-fortran/4.2.0/intel/16.0/include" -c pderiv.f
ifort -cpp -w -O3 -auto -noalign -convert big_endian -fp-model precise -vec-report0 -traceback -openmp -Dmultitask -mcmodel=medium -i-dynamic "-I/software/apps/geos/netcdf/4.3.0/intel/16.0/include -I/software/apps/geos/netcdf-fortran/4.2.0/intel/16.0/include" -c -r8 modified/physproc.f
ifort -cpp -w -O3 -auto -noalign -convert big_endian -fp-model precise -vec-report0 -traceback -openmp -Dmultitask -mcmodel=medium -i-dynamic "-I/software/apps/geos/netcdf/4.3.0/intel/16.0/include -I/software/apps/geos/netcdf-fortran/4.2.0/intel/16.0/include" -c precipfrac.f
ifort -cpp -w -O3 -auto -noalign -convert big_endian -fp-model precise -vec-report0 -traceback -openmp -Dmultitask -mcmodel=medium -i-dynamic "-I/software/apps/geos/netcdf/4.3.0/intel/16.0/include -I/software/apps/geos/netcdf-fortran/4.2.0/intel/16.0/include" -c pulsing.f
ifort -cpp -w -O3 -auto -noalign -convert big_endian -fp-model precise -vec-report0 -traceback -openmp -Dmultitask -mcmodel=medium -i-dynamic "-I/software/apps/geos/netcdf/4.3.0/intel/16.0/include -I/software/apps/geos/netcdf-fortran/4.2.0/intel/16.0/include" -c rdisopt.f
ifort -cpp -w -O3 -auto -noalign -convert big_endian -fp-model precise -vec-report0 -traceback -openmp -Dmultitask -mcmodel=medium -i-dynamic "-I/software/apps/geos/netcdf/4.3.0/intel/16.0/include -I/software/apps/geos/netcdf-fortran/4.2.0/intel/16.0/include" -c rdlai.f
ifort -cpp -w -O3 -auto -noalign -convert big_endian -fp-model precise -vec-report0 -traceback -openmp -Dmultitask -mcmodel=medium -i-dynamic "-I/software/apps/geos/netcdf/4.3.0/intel/16.0/include -I/software/apps/geos/netcdf-fortran/4.2.0/intel/16.0/include" -c rdland.f
ifort -cpp -w -O3 -auto -noalign -convert big_endian -fp-model precise -vec-report0 -traceback -openmp -Dmultitask -mcmodel=medium -i-dynamic "-I/software/apps/geos/netcdf/4.3.0/intel/16.0/include -I/software/apps/geos/netcdf-fortran/4.2.0/intel/16.0/include" -c rdlight.f
ifort -cpp -w -O3 -auto -noalign -convert big_endian -fp-model precise -vec-report0 -traceback -openmp -Dmultitask -mcmodel=medium -i-dynamic "-I/software/apps/geos/netcdf/4.3.0/intel/16.0/include -I/software/apps/geos/netcdf-fortran/4.2.0/intel/16.0/include" -c rdmonot.f
ifort -cpp -w -O3 -auto -noalign -convert big_endian -fp-model precise -vec-report0 -traceback -openmp -Dmultitask -mcmodel=medium -i-dynamic "-I/software/apps/geos/netcdf/4.3.0/intel/16.0/include -I/software/apps/geos/netcdf-fortran/4.2.0/intel/16.0/include" -c rdsoil.f
ifort -cpp -w -O3 -auto -noalign -convert big_endian -fp-model precise -vec-report0 -traceback -openmp -Dmultitask -mcmodel=medium -i-dynamic "-I/software/apps/geos/netcdf/4.3.0/intel/16.0/include -I/software/apps/geos/netcdf-fortran/4.2.0/intel/16.0/include" -c readchem.f
ifort -cpp -w -O3 -auto -noalign -convert big_endian -fp-model precise -vec-report0 -traceback -openmp -Dmultitask -mcmodel=medium -i-dynamic "-I/software/apps/geos/netcdf/4.3.0/intel/16.0/include -I/software/apps/geos/netcdf-fortran/4.2.0/intel/16.0/include" -c reader.f
ifort -cpp -w -O3 -auto -noalign -convert big_endian -fp-model precise -vec-report0 -traceback -openmp -Dmultitask -mcmodel=medium -i-dynamic "-I/software/apps/geos/netcdf/4.3.0/intel/16.0/include -I/software/apps/geos/netcdf-fortran/4.2.0/intel/16.0/include" -c readlai.f
ifort -cpp -w -O3 -auto -noalign -convert big_endian -fp-model precise -vec-report0 -traceback -openmp -Dmultitask -mcmodel=medium -i-dynamic "-I/software/apps/geos/netcdf/4.3.0/intel/16.0/include -I/software/apps/geos/netcdf-fortran/4.2.0/intel/16.0/include" -c -r8 new/routines.f
ifort -cpp -w -O3 -auto -noalign -convert big_endian -fp-model precise -vec-report0 -traceback -openmp -Dmultitask -mcmodel=medium -i-dynamic "-I/software/apps/geos/netcdf/4.3.0/intel/16.0/include -I/software/apps/geos/netcdf-fortran/4.2.0/intel/16.0/include" -c ruralbox.f
ifort -cpp -w -O3 -auto -noalign -convert big_endian -fp-model precise -vec-report0 -traceback -openmp -Dmultitask -mcmodel=medium -i-dynamic "-I/software/apps/geos/netcdf/4.3.0/intel/16.0/include -I/software/apps/geos/netcdf-fortran/4.2.0/intel/16.0/include" -c schem.f
ifort -cpp -w -O3 -auto -noalign -convert big_endian -fp-model precise -vec-report0 -traceback -openmp -Dmultitask -mcmodel=medium -i-dynamic "-I/software/apps/geos/netcdf/4.3.0/intel/16.0/include -I/software/apps/geos/netcdf-fortran/4.2.0/intel/16.0/include" -c -r8 adjoint/schem_adj.f
ifort -cpp -w -O3 -auto -noalign -convert big_endian -fp-model precise -vec-report0 -traceback -openmp -Dmultitask -mcmodel=medium -i-dynamic "-I/software/apps/geos/netcdf/4.3.0/intel/16.0/include -I/software/apps/geos/netcdf-fortran/4.2.0/intel/16.0/include" -c setbase.f
ifort -cpp -w -O3 -auto -noalign -convert big_endian -fp-model precise -vec-report0 -traceback -openmp -Dmultitask -mcmodel=medium -i-dynamic "-I/software/apps/geos/netcdf/4.3.0/intel/16.0/include -I/software/apps/geos/netcdf-fortran/4.2.0/intel/16.0/include" -c setemdep.f
ifort -cpp -w -O3 -auto -noalign -convert big_endian -fp-model precise -vec-report0 -traceback -openmp -Dmultitask -mcmodel=medium -i-dynamic "-I/software/apps/geos/netcdf/4.3.0/intel/16.0/include -I/software/apps/geos/netcdf-fortran/4.2.0/intel/16.0/include" -c -r8 modified/setemis.f
ifort -cpp -w -O3 -auto -noalign -convert big_endian -fp-model precise -vec-report0 -traceback -openmp -Dmultitask -mcmodel=medium -i-dynamic "-I/software/apps/geos/netcdf/4.3.0/intel/16.0/include -I/software/apps/geos/netcdf-fortran/4.2.0/intel/16.0/include" -c -r8 adjoint/setemis_adj.f
ifort -cpp -w -O3 -auto -noalign -convert big_endian -fp-model precise -vec-report0 -traceback -openmp -Dmultitask -mcmodel=medium -i-dynamic "-I/software/apps/geos/netcdf/4.3.0/intel/16.0/include -I/software/apps/geos/netcdf-fortran/4.2.0/intel/16.0/include" -c setmodel.f
ifort -cpp -w -O3 -auto -noalign -convert big_endian -fp-model precise -vec-report0 -traceback -openmp -Dmultitask -mcmodel=medium -i-dynamic "-I/software/apps/geos/netcdf/4.3.0/intel/16.0/include -I/software/apps/geos/netcdf-fortran/4.2.0/intel/16.0/include" -c sfcwindsqr.f
ifort -cpp -w -O3 -auto -noalign -convert big_endian -fp-model precise -vec-report0 -traceback -openmp -Dmultitask -mcmodel=medium -i-dynamic "-I/software/apps/geos/netcdf/4.3.0/intel/16.0/include -I/software/apps/geos/netcdf-fortran/4.2.0/intel/16.0/include" -c smvgear.f
ifort -cpp -w -O3 -auto -noalign -convert big_endian -fp-model precise -vec-report0 -traceback -openmp -Dmultitask -mcmodel=medium -i-dynamic "-I/software/apps/geos/netcdf/4.3.0/intel/16.0/include -I/software/apps/geos/netcdf-fortran/4.2.0/intel/16.0/include" -c soilbase.f
ifort -cpp -w -O3 -auto -noalign -convert big_endian -fp-model precise -vec-report0 -traceback -openmp -Dmultitask -mcmodel=medium -i-dynamic "-I/software/apps/geos/netcdf/4.3.0/intel/16.0/include -I/software/apps/geos/netcdf-fortran/4.2.0/intel/16.0/include" -c soilcrf.f
ifort -cpp -w -O3 -auto -noalign -convert big_endian -fp-model precise -vec-report0 -traceback -openmp -Dmultitask -mcmodel=medium -i-dynamic "-I/software/apps/geos/netcdf/4.3.0/intel/16.0/include -I/software/apps/geos/netcdf-fortran/4.2.0/intel/16.0/include" -c -r8 modified/soilnoxems.f
ifort -cpp -w -O3 -auto -noalign -convert big_endian -fp-model precise -vec-report0 -traceback -openmp -Dmultitask -mcmodel=medium -i-dynamic "-I/software/apps/geos/netcdf/4.3.0/intel/16.0/include -I/software/apps/geos/netcdf-fortran/4.2.0/intel/16.0/include" -c soiltemp.f
ifort -cpp -w -O3 -auto -noalign -convert big_endian -fp-model precise -vec-report0 -traceback -openmp -Dmultitask -mcmodel=medium -i-dynamic "-I/software/apps/geos/netcdf/4.3.0/intel/16.0/include -I/software/apps/geos/netcdf-fortran/4.2.0/intel/16.0/include" -c soiltype.f
ifort -cpp -w -O3 -auto -noalign -convert big_endian -fp-model precise -vec-report0 -traceback -openmp -Dmultitask -mcmodel=medium -i-dynamic "-I/software/apps/geos/netcdf/4.3.0/intel/16.0/include -I/software/apps/geos/netcdf-fortran/4.2.0/intel/16.0/include" -c subfun.f
ifort -cpp -w -O3 -auto -noalign -convert big_endian -fp-model precise -vec-report0 -traceback -openmp -Dmultitask -mcmodel=medium -i-dynamic "-I/software/apps/geos/netcdf/4.3.0/intel/16.0/include -I/software/apps/geos/netcdf-fortran/4.2.0/intel/16.0/include" -c sunparam.f
ifort -cpp -w -O3 -auto -noalign -convert big_endian -fp-model precise -vec-report0 -traceback -openmp -Dmultitask -mcmodel=medium -i-dynamic "-I/software/apps/geos/netcdf/4.3.0/intel/16.0/include -I/software/apps/geos/netcdf-fortran/4.2.0/intel/16.0/include" -c -r8 new/timer.f
ifort -cpp -w -O3 -auto -noalign -convert big_endian -fp-model precise -vec-report0 -traceback -openmp -Dmultitask -mcmodel=medium -i-dynamic "-I/software/apps/geos/netcdf/4.3.0/intel/16.0/include -I/software/apps/geos/netcdf-fortran/4.2.0/intel/16.0/include" -c tcorr.f
ifort -cpp -w -O3 -auto -noalign -convert big_endian -fp-model precise -vec-report0 -traceback -openmp -Dmultitask -mcmodel=medium -i-dynamic "-I/software/apps/geos/netcdf/4.3.0/intel/16.0/include -I/software/apps/geos/netcdf-fortran/4.2.0/intel/16.0/include" -c tropopause.f
ifort -cpp -w -O3 -auto -noalign -convert big_endian -fp-model precise -vec-report0 -traceback -openmp -Dmultitask -mcmodel=medium -i-dynamic "-I/software/apps/geos/netcdf/4.3.0/intel/16.0/include -I/software/apps/geos/netcdf-fortran/4.2.0/intel/16.0/include" -c update.f
ifort -cpp -w -O3 -auto -noalign -convert big_endian -fp-model precise -vec-report0 -traceback -openmp -Dmultitask -mcmodel=medium -i-dynamic "-I/software/apps/geos/netcdf/4.3.0/intel/16.0/include -I/software/apps/geos/netcdf-fortran/4.2.0/intel/16.0/include" -c xltmmp.f
ifort -cpp -w -O3 -auto -noalign -convert big_endian -fp-model precise -vec-report0 -traceback -openmp -Dmultitask -mcmodel=medium -i-dynamic "-I/software/apps/geos/netcdf/4.3.0/intel/16.0/include -I/software/apps/geos/netcdf-fortran/4.2.0/intel/16.0/include" -c ifort_errmsg.f
ifort -cpp -w -O3 -auto -noalign -convert big_endian -fp-model precise -vec-report0 -traceback -openmp -Dmultitask -mcmodel=medium -i-dynamic "-I/software/apps/geos/netcdf/4.3.0/intel/16.0/include -I/software/apps/geos/netcdf-fortran/4.2.0/intel/16.0/include" -c BLKSLV.f
ifort -cpp -w -O3 -auto -noalign -convert big_endian -fp-model precise -vec-report0 -traceback -openmp -Dmultitask -mcmodel=medium -i-dynamic "-I/software/apps/geos/netcdf/4.3.0/intel/16.0/include -I/software/apps/geos/netcdf-fortran/4.2.0/intel/16.0/include" -c CLDSRF.f
ifort -cpp -w -O3 -auto -noalign -convert big_endian -fp-model precise -vec-report0 -traceback -openmp -Dmultitask -mcmodel=medium -i-dynamic "-I/software/apps/geos/netcdf/4.3.0/intel/16.0/include -I/software/apps/geos/netcdf-fortran/4.2.0/intel/16.0/include" -c EFOLD.f
ifort -cpp -w -O3 -auto -noalign -convert big_endian -fp-model precise -vec-report0 -traceback -openmp -Dmultitask -mcmodel=medium -i-dynamic "-I/software/apps/geos/netcdf/4.3.0/intel/16.0/include -I/software/apps/geos/netcdf-fortran/4.2.0/intel/16.0/include" -c FLINT.f
ifort -cpp -w -O3 -auto -noalign -convert big_endian -fp-model precise -vec-report0 -traceback -openmp -Dmultitask -mcmodel=medium -i-dynamic "-I/software/apps/geos/netcdf/4.3.0/intel/16.0/include -I/software/apps/geos/netcdf-fortran/4.2.0/intel/16.0/include" -c GAUSSP.f
ifort -cpp -w -O3 -auto -noalign -convert big_endian -fp-model precise -vec-report0 -traceback -openmp -Dmultitask -mcmodel=medium -i-dynamic "-I/software/apps/geos/netcdf/4.3.0/intel/16.0/include -I/software/apps/geos/netcdf-fortran/4.2.0/intel/16.0/include" -c GEN.f
ifort -cpp -w -O3 -auto -noalign -convert big_endian -fp-model precise -vec-report0 -traceback -openmp -Dmultitask -mcmodel=medium -i-dynamic "-I/software/apps/geos/netcdf/4.3.0/intel/16.0/include -I/software/apps/geos/netcdf-fortran/4.2.0/intel/16.0/include" -c JRATET.f
ifort -cpp -w -O3 -auto -noalign -convert big_endian -fp-model precise -vec-report0 -traceback -openmp -Dmultitask -mcmodel=medium -i-dynamic "-I/software/apps/geos/netcdf/4.3.0/intel/16.0/include -I/software/apps/geos/netcdf-fortran/4.2.0/intel/16.0/include" -c JVALUE.f
ifort -cpp -w -O3 -auto -noalign -convert big_endian -fp-model precise -vec-report0 -traceback -openmp -Dmultitask -mcmodel=medium -i-dynamic "-I/software/apps/geos/netcdf/4.3.0/intel/16.0/include -I/software/apps/geos/netcdf-fortran/4.2.0/intel/16.0/include" -c LEGND0.f
ifort -cpp -w -O3 -auto -noalign -convert big_endian -fp-model precise -vec-report0 -traceback -openmp -Dmultitask -mcmodel=medium -i-dynamic "-I/software/apps/geos/netcdf/4.3.0/intel/16.0/include -I/software/apps/geos/netcdf-fortran/4.2.0/intel/16.0/include" -c MATIN4.f
ifort -cpp -w -O3 -auto -noalign -convert big_endian -fp-model precise -vec-report0 -traceback -openmp -Dmultitask -mcmodel=medium -i-dynamic "-I/software/apps/geos/netcdf/4.3.0/intel/16.0/include -I/software/apps/geos/netcdf-fortran/4.2.0/intel/16.0/include" -c MIESCT.f
ifort -cpp -w -O3 -auto -noalign -convert big_endian -fp-model precise -vec-report0 -traceback -openmp -Dmultitask -mcmodel=medium -i-dynamic "-I/software/apps/geos/netcdf/4.3.0/intel/16.0/include -I/software/apps/geos/netcdf-fortran/4.2.0/intel/16.0/include" -c NOABS.f
ifort -cpp -w -O3 -auto -noalign -convert big_endian -fp-model precise -vec-report0 -traceback -openmp -Dmultitask -mcmodel=medium -i-dynamic "-I/software/apps/geos/netcdf/4.3.0/intel/16.0/include -I/software/apps/geos/netcdf-fortran/4.2.0/intel/16.0/include" -c OPMIE.f
ifort -cpp -w -O3 -auto -noalign -convert big_endian -fp-model precise -vec-report0 -traceback -openmp -Dmultitask -mcmodel=medium -i-dynamic "-I/software/apps/geos/netcdf/4.3.0/intel/16.0/include -I/software/apps/geos/netcdf-fortran/4.2.0/intel/16.0/include" -c RD_TJPL.f
ifort -cpp -w -O3 -auto -noalign -convert big_endian -fp-model precise -vec-report0 -traceback -openmp -Dmultitask -mcmodel=medium -i-dynamic "-I/software/apps/geos/netcdf/4.3.0/intel/16.0/include -I/software/apps/geos/netcdf-fortran/4.2.0/intel/16.0/include" -c SPHERE.f
ifort -cpp -w -O3 -auto -noalign -convert big_endian -fp-model precise -vec-report0 -traceback -openmp -Dmultitask -mcmodel=medium -i-dynamic "-I/software/apps/geos/netcdf/4.3.0/intel/16.0/include -I/software/apps/geos/netcdf-fortran/4.2.0/intel/16.0/include" -c XSEC1D.f
ifort -cpp -w -O3 -auto -noalign -convert big_endian -fp-model precise -vec-report0 -traceback -openmp -Dmultitask -mcmodel=medium -i-dynamic "-I/software/apps/geos/netcdf/4.3.0/intel/16.0/include -I/software/apps/geos/netcdf-fortran/4.2.0/intel/16.0/include" -c XSECO2.f
ifort -cpp -w -O3 -auto -noalign -convert big_endian -fp-model precise -vec-report0 -traceback -openmp -Dmultitask -mcmodel=medium -i-dynamic "-I/software/apps/geos/netcdf/4.3.0/intel/16.0/include -I/software/apps/geos/netcdf-fortran/4.2.0/intel/16.0/include" -c XSECO3.f
ifort -cpp -w -O3 -auto -noalign -convert big_endian -fp-model precise -vec-report0 -traceback -openmp -Dmultitask -mcmodel=medium -i-dynamic "-I/software/apps/geos/netcdf/4.3.0/intel/16.0/include -I/software/apps/geos/netcdf-fortran/4.2.0/intel/16.0/include" -c fast_j.f
ifort -cpp -w -O3 -auto -noalign -convert big_endian -fp-model precise -vec-report0 -traceback -openmp -Dmultitask -mcmodel=medium -i-dynamic "-I/software/apps/geos/netcdf/4.3.0/intel/16.0/include -I/software/apps/geos/netcdf-fortran/4.2.0/intel/16.0/include" -c fjfunc.f
ifort -cpp -w -O3 -auto -noalign -convert big_endian -fp-model precise -vec-report0 -traceback -openmp -Dmultitask -mcmodel=medium -i-dynamic "-I/software/apps/geos/netcdf/4.3.0/intel/16.0/include -I/software/apps/geos/netcdf-fortran/4.2.0/intel/16.0/include" -c rd_aod.f
ifort -cpp -w -O3 -auto -noalign -convert big_endian -fp-model precise -vec-report0 -traceback -openmp -Dmultitask -mcmodel=medium -i-dynamic "-I/software/apps/geos/netcdf/4.3.0/intel/16.0/include -I/software/apps/geos/netcdf-fortran/4.2.0/intel/16.0/include" -c inphot.f
ifort -cpp -w -O3 -auto -noalign -convert big_endian -fp-model precise -vec-report0 -traceback -openmp -Dmultitask -mcmodel=medium -i-dynamic "-I/software/apps/geos/netcdf/4.3.0/intel/16.0/include -I/software/apps/geos/netcdf-fortran/4.2.0/intel/16.0/include" -c jv_index.f
ifort -cpp -w -O3 -auto -noalign -convert big_endian -fp-model precise -vec-report0 -traceback -openmp -Dmultitask -mcmodel=medium -i-dynamic "-I/software/apps/geos/netcdf/4.3.0/intel/16.0/include -I/software/apps/geos/netcdf-fortran/4.2.0/intel/16.0/include" -c mmran_16.f
ifort -cpp -w -O3 -auto -noalign -convert big_endian -fp-model precise -vec-report0 -traceback -openmp -Dmultitask -mcmodel=medium -i-dynamic "-I/software/apps/geos/netcdf/4.3.0/intel/16.0/include -I/software/apps/geos/netcdf-fortran/4.2.0/intel/16.0/include" -c -r8 modified/photoj.f
ifort -cpp -w -O3 -auto -noalign -convert big_endian -fp-model precise -vec-report0 -traceback -openmp -Dmultitask -mcmodel=medium -i-dynamic "-I/software/apps/geos/netcdf/4.3.0/intel/16.0/include -I/software/apps/geos/netcdf-fortran/4.2.0/intel/16.0/include" -c rd_js.f
ifort -cpp -w -O3 -auto -noalign -convert big_endian -fp-model precise -vec-report0 -traceback -openmp -Dmultitask -mcmodel=medium -i-dynamic "-I/software/apps/geos/netcdf/4.3.0/intel/16.0/include -I/software/apps/geos/netcdf-fortran/4.2.0/intel/16.0/include" -c rd_prof.f
ifort -cpp -w -O3 -auto -noalign -convert big_endian -fp-model precise -vec-report0 -traceback -openmp -Dmultitask -mcmodel=medium -i-dynamic "-I/software/apps/geos/netcdf/4.3.0/intel/16.0/include -I/software/apps/geos/netcdf-fortran/4.2.0/intel/16.0/include" -c set_aer.f
ifort -cpp -w -O3 -auto -noalign -convert big_endian -fp-model precise -vec-report0 -traceback -openmp -Dmultitask -mcmodel=medium -i-dynamic "-I/software/apps/geos/netcdf/4.3.0/intel/16.0/include -I/software/apps/geos/netcdf-fortran/4.2.0/intel/16.0/include" -c -r8 modified/set_prof.f
ifort -cpp -w -O3 -auto -noalign -convert big_endian -fp-model precise -vec-report0 -traceback -openmp -Dmultitask -mcmodel=medium -i-dynamic "-I/software/apps/geos/netcdf/4.3.0/intel/16.0/include -I/software/apps/geos/netcdf-fortran/4.2.0/intel/16.0/include"  fjx_acet_mod.o charpak_mod.o error_mod.o netcdf_util_mod.o m_do_err_out.o m_netcdf_io_checks.o m_netcdf_io_close.o m_netcdf_io_create.o m_netcdf_io_define.o m_netcdf_io_get_dimlen.o m_netcdf_io_handle_err.o m_netcdf_io_open.o m_netcdf_io_read.o m_netcdf_io_readattr.o m_netcdf_io_write.o logical_mod.o directory_mod.o unix_cmds_mod.o tracer_mod.o julday_mod.o file_mod.o grid_mod.o time_mod.o logical_adj_mod.o directory_adj_mod.o bpch2_mod.o inquireMod.o regrid_1x1_mod.o regrid_a2a_mod.o pressure_mod.o transfer_mod.o future_emissions_mod.o lai_mod.o tracerid_mod.o benchmark_mod.o comode_mod.o diag_mod.o dao_mod.o gc_type_mod.o tropopause_mod.o gckpp_adj_Precision.o gckpp_adj_Parameters.o gckpp_adj_Global.o critical_load_mod.o htap_mod.o adj_arrays_mod.o gckpp_adj_Function.o gckpp_adj_Monitor.o gckpp_adj_Util.o gckpp_adj_HessianSP.o gckpp_adj_Hessian.o gckpp_adj_Initialize.o gckpp_adj_JacobianSP.o gckpp_adj_Jacobian.o gckpp_adj_LinearAlgebra.o gckpp_adj_Rates.o gckpp_adj_StoichiomSP.o gckpp_adj_Stoichiom.o gckpp_adj_Integrator.o gckpp_adj_Model.o checkpoint_mod.o pbl_mix_mod.o pbl_mix_adj_mod.o diag03_mod.o diag04_mod.o diag41_mod.o diag42_mod.o diag48_mod.o diag49_mod.o diag50_mod.o diag51_mod.o diag51b_mod.o diag51c_mod.o diag51d_mod.o diag56_mod.o diag59_mod.o diag_oh_mod.o diag_pl_mod.o ocean_mercury_mod.o drydep_mod.o scale_anthro_mod.o edgar_mod.o bravo_mod.o emep_mod.o nei2005_anthro_mod.o nei2008_anthro_mod.o epa_nei_mod.o streets_anthro_mod.o icoads_ship_mod.o arctas_ship_emiss_mod.o cac_anthro_mod.o vistas_anthro_mod.o geia_mod.o geosfp_read_mod.o merra2_read_mod.o global_oh_mod.o global_hno3_mod.o global_no3_mod.o global_nox_mod.o global_o1d_mod.o global_o3_mod.o uvalbedo_mod.o RnPbBe_mod.o Kr85_mod.o acetone_mod.o aerosol_mod.o aircraft_nox_mod.o retro_mod.o biofuel_mod.o gc_biomass_mod.o gfed2_biomass_mod.o gfed3_biomass_mod.o biomass_mod.o global_ch4_mod.o global_ch4_adj_mod.o c2h6_mod.o ch3i_mod.o a3_read_mod.o a6_read_mod.o i6_read_mod.o gcap_read_mod.o gwet_read_mod.o xtra_read_mod.o megan_mod.o rcp_mod.o carbon_mod.o carbon_adj_mod.o optdepth_mod.o planeflight_mod.o restart_mod.o checkpt_mod.o population_mod.o lightning_nox_mod.o interpolate.o rpmares_mod.o                 gosat_co2_mod.o               flask_co2_mod.o               tes_nh3_mod.o                 tes_o3_mod.o                  tes_o3_irk_mod.o rpmares_adj_mod.o isoropiaIIcode_adj.o isoropiaII_adj_mod.o wetscav_mod.o wetscav_adj_mod.o seasalt_mod.o sulfate_mod.o sulfate_adj_mod.o hcn_ch3cn_mod.o tagged_co_mod.o tagged_co_adj_mod.o tagged_ox_mod.o tagged_ox_adj_mod.o h2_hd_mod.o gcap_convect_mod.o fvdas_convect_mod.o convection_mod.o fvdas_convect_adj_mod.o convection_adj_mod.o pjc_pfix_mod.o pjc_pfix_geos5_window_mod.o pjc_pfix_geosfp_window_mod.o pjc_pfix_merra2_window_mod.o dust_dead_mod.o dust_mod.o dust_adj_mod.o co2_mod.o co2_adj_mod.o mercury_mod.o toms_mod.o tpcore_bc_mod.o tpcore_fvdas_mod.o tpcore_mod.o tpcore_window_mod.o tpcore_geos5_window_mod.o tpcore_geosfp_window_mod.o tpcore_merra2_window_mod.o transport_mod.o linoz_mod.o linoz_adj_mod.o upbdflx_adj_mod.o upbdflx_mod.o strat_chem_mod.o strat_chem_adj_mod.o chemistry_mod.o chemistry_adj_mod.o paranox_mod.o paranox_adj_mod.o emissions_mod.o weak_constraint_mod.o emissions_adj_mod.o gamap_mod.o input_mod.o improve_bc_mod.o geos_chem_mod.o ErrorModule.o sciabr_co_obs_mod.o tes_ch4_mod.o                 scia_ch4_mod.o                         modis_aod_obs_mod.o mem_ch4_mod.o leo_ch4_mod.o geocape_ch4_mod.o geos_chem_adj_mod.o inv_hessian_mod.o input_adj_mod.o inverse_mod.o inverse_driver.o CO_strat_pl.o CO_strat_pl_adj.o airmas.o anthroems.o arsl1k.o adBuffer.o adStack.o backsub.o biofit.o blas.o boxvl.o calcrate.o calcrate_adj.o chemdr.o chemdr_adj.o cleanup.o cleanup_adj.o decomp.o diag1.o diag3.o diag_2pm.o diagoh.o emf_scale.o emfossil.o emisop.o emisop_grass.o emisop_mb.o emissdr.o emmonot.o fertadd.o findmon.o fcro2ho2.o fyrno3.o fyhoro.o gasconc.o get_global_ch4.o getifsun.o initialize.o jsparse.o ksparse.o linpack.o lump.o lump_adj.o ndxx_setup.o ohsave.o partition.o partition_adj.o pderiv.o physproc.o precipfrac.o pulsing.o rdisopt.o rdlai.o rdland.o rdlight.o rdmonot.o rdsoil.o readchem.o reader.o readlai.o routines.o ruralbox.o schem.o schem_adj.o setbase.o setemdep.o setemis.o setemis_adj.o setmodel.o sfcwindsqr.o smvgear.o soilbase.o soilcrf.o soilnoxems.o soiltemp.o soiltype.o subfun.o sunparam.o timer.o tcorr.o tropopause.o update.o xltmmp.o  ifort_errmsg.o BLKSLV.o CLDSRF.o EFOLD.o FLINT.o GAUSSP.o GEN.o JRATET.o JVALUE.o LEGND0.o MATIN4.o MIESCT.o NOABS.o OPMIE.o RD_TJPL.o SPHERE.o XSEC1D.o XSECO2.o XSECO3.o fast_j.o fjfunc.o rd_aod.o inphot.o jv_index.o mmran_16.o photoj.o rd_js.o rd_prof.o set_aer.o set_prof.o \
                -L -lnetcdff -lnetcdf -lnetcdf -lnetcdf  -L/software/apps/compilers/intel/compilers_and_libraries_2016.4.258/linux/mkl/lib/intel64_lin  /software/apps/compilers/intel/compilers_and_libraries_2016.4.258/linux/mkl/lib/intel64_lin/libmkl_blas95_lp64.a  /software/apps/compilers/intel/compilers_and_libraries_2016.4.258/linux/mkl/lib/intel64_lin/libmkl_lapack95_lp64.a -lmkl_intel_lp64 -lmkl_intel_thread -lmkl_core -openmp -lpthread -L /libmkl_solver_lp64.a -Wl,--start-group -lmkl_intel_lp64 -lmkl_intel_thread -lmkl_core -Wl,--end-group -openmp -lpthread -o geos
ld: cannot find -lnetcdf
ld: cannot find -lnetcdf
ld: cannot find -lnetcdf
make: *** [geos] Error 1
